<?xml version="1.0" encoding="UTF-8"?>
<coverage generated="1787696670365" clover="3.2.0">
  <project timestamp="1787696670365" name="All files">
    <metrics statements="654" coveredstatements="645" conditionals="376" coveredconditionals="320" methods="109" coveredmethods="102" elements="1139" coveredelements="1067" complexity="0" loc="654" ncloc="654" packages="1" files="4" classes="4"/>
    <file name="dateHelpers.js" path="/Users/sarahschneider/Library/Mobile Documents/com~apple~CloudDocs/Documents/_seiu503/member-app-2026-fa/src/dateHelpers.js">
      <metrics statements="85" coveredstatements="85" conditionals="55" coveredconditionals="51" methods="15" coveredmethods="15"/>
      <line num="12" count="28" type="stmt"/>
      <line num="14" count="28" type="stmt"/>
      <line num="15" count="28" type="stmt"/>
      <line num="16" count="28" type="stmt"/>
      <line num="18" count="28" type="cond" truecount="6" falsecount="0"/>
      <line num="20" count="27" type="stmt"/>
      <line num="21" count="27" type="stmt"/>
      <line num="22" count="27" type="stmt"/>
      <line num="24" count="27" type="cond" truecount="1" falsecount="1"/>
      <line num="25" count="27" type="stmt"/>
      <line num="26" count="27" type="stmt"/>
      <line num="30" count="420" type="stmt"/>
      <line num="32" count="420" type="cond" truecount="4" falsecount="0"/>
      <line num="33" count="284" type="stmt"/>
      <line num="36" count="136" type="cond" truecount="1" falsecount="1"/>
      <line num="40" count="44" type="cond" truecount="3" falsecount="1"/>
      <line num="42" count="44" type="stmt"/>
      <line num="43" count="1099" type="cond" truecount="2" falsecount="0"/>
      <line num="46" count="44" type="cond" truecount="2" falsecount="0"/>
      <line num="48" count="41" type="stmt"/>
      <line num="49" count="41" type="stmt"/>
      <line num="50" count="41" type="stmt"/>
      <line num="54" count="125" type="cond" truecount="6" falsecount="0"/>
      <line num="56" count="10" type="stmt"/>
      <line num="61" count="36" type="stmt"/>
      <line num="63" count="79" type="stmt"/>
      <line num="68" count="125" type="cond" truecount="2" falsecount="0"/>
      <line num="69" count="125" type="stmt"/>
      <line num="71" count="125" type="stmt"/>
      <line num="72" count="3819" type="cond" truecount="2" falsecount="0"/>
      <line num="75" count="125" type="stmt"/>
      <line num="79" count="101" type="stmt"/>
      <line num="80" count="101" type="stmt"/>
      <line num="82" count="101" type="stmt"/>
      <line num="83" count="10100" type="stmt"/>
      <line num="86" count="101" type="stmt"/>
      <line num="90" count="226" type="stmt"/>
      <line num="92" count="226" type="stmt"/>
      <line num="93" count="14145" type="cond" truecount="2" falsecount="0"/>
      <line num="94" count="14145" type="stmt"/>
      <line num="97" count="226" type="cond" truecount="2" falsecount="0"/>
      <line num="98" count="32" type="stmt"/>
      <line num="103" count="51" type="stmt"/>
      <line num="104" count="51" type="stmt"/>
      <line num="106" count="51" type="stmt"/>
      <line num="109" count="27" type="stmt"/>
      <line num="110" count="98" type="stmt"/>
      <line num="112" count="98" type="cond" truecount="2" falsecount="0"/>
      <line num="114" count="74" type="stmt"/>
      <line num="115" count="74" type="stmt"/>
      <line num="116" count="74" type="stmt"/>
      <line num="118" count="74" type="stmt"/>
      <line num="119" count="74" type="stmt"/>
      <line num="120" count="74" type="stmt"/>
      <line num="122" count="74" type="cond" truecount="1" falsecount="1"/>
      <line num="123" count="74" type="stmt"/>
      <line num="124" count="74" type="stmt"/>
      <line num="127" count="74" type="stmt"/>
      <line num="133" count="74" type="stmt"/>
      <line num="141" count="23" type="cond" truecount="5" falsecount="0"/>
      <line num="142" count="1" type="stmt"/>
      <line num="146" count="23" type="stmt"/>
      <line num="147" count="23" type="stmt"/>
      <line num="148" count="23" type="stmt"/>
      <line num="150" count="23" type="stmt"/>
      <line num="152" count="23" type="stmt"/>
      <line num="153" count="23" type="stmt"/>
      <line num="157" count="30" type="cond" truecount="2" falsecount="0"/>
      <line num="158" count="30" type="stmt"/>
      <line num="160" count="30" type="cond" truecount="2" falsecount="0"/>
      <line num="162" count="4" type="stmt"/>
      <line num="164" count="4" type="stmt"/>
      <line num="165" count="4" type="stmt"/>
      <line num="166" count="4" type="stmt"/>
      <line num="167" count="4" type="stmt"/>
      <line num="170" count="27" type="stmt"/>
      <line num="171" count="27" type="stmt"/>
      <line num="172" count="27" type="stmt"/>
      <line num="174" count="27" type="stmt"/>
      <line num="175" count="20" type="stmt"/>
      <line num="176" count="20" type="stmt"/>
      <line num="179" count="27" type="stmt"/>
      <line num="180" count="27" type="stmt"/>
      <line num="182" count="27" type="cond" truecount="2" falsecount="0"/>
      <line num="183" count="3" type="stmt"/>
    </file>
    <file name="main.js" path="/Users/sarahschneider/Library/Mobile Documents/com~apple~CloudDocs/Documents/_seiu503/member-app-2026-fa/src/main.js">
      <metrics statements="288" coveredstatements="286" conditionals="148" coveredconditionals="122" methods="42" coveredmethods="41"/>
      <line num="16" count="35" type="stmt"/>
      <line num="17" count="1119" type="stmt"/>
      <line num="21" count="35" type="stmt"/>
      <line num="24" count="22848" type="cond" truecount="3" falsecount="1"/>
      <line num="26" count="22848" type="stmt"/>
      <line num="27" count="22848" type="cond" truecount="2" falsecount="0"/>
      <line num="29" count="22830" type="stmt"/>
      <line num="30" count="22848" type="cond" truecount="4" falsecount="0"/>
      <line num="32" count="1029" type="stmt"/>
      <line num="33" count="22848" type="cond" truecount="4" falsecount="0"/>
      <line num="35" count="17" type="stmt"/>
      <line num="38" count="35" type="stmt"/>
      <line num="40" count="630" type="stmt"/>
      <line num="45" count="1260" type="stmt"/>
      <line num="46" count="1260" type="stmt"/>
      <line num="47" count="1260" type="stmt"/>
      <line num="48" count="1260" type="cond" truecount="2" falsecount="0"/>
      <line num="49" count="312" type="cond" truecount="2" falsecount="0"/>
      <line num="50" count="295" type="stmt"/>
      <line num="55" count="630" type="stmt"/>
      <line num="59" count="630" type="cond" truecount="2" falsecount="1"/>
      <line num="61" count="630" type="stmt"/>
      <line num="63" count="630" type="stmt"/>
      <line num="64" count="630" type="stmt"/>
      <line num="68" count="630" type="stmt"/>
      <line num="72" count="630" type="stmt"/>
      <line num="76" count="630" type="stmt"/>
      <line num="79" count="630" type="stmt"/>
      <line num="80" count="630" type="cond" truecount="2" falsecount="0"/>
      <line num="83" count="627" type="stmt"/>
      <line num="84" count="627" type="stmt"/>
      <line num="87" count="627" type="stmt"/>
      <line num="88" count="627" type="stmt"/>
      <line num="89" count="627" type="stmt"/>
      <line num="92" count="627" type="stmt"/>
      <line num="93" count="627" type="stmt"/>
      <line num="98" count="627" type="stmt"/>
      <line num="102" count="627" type="stmt"/>
      <line num="103" count="627" type="stmt"/>
      <line num="106" count="627" type="stmt"/>
      <line num="107" count="1918" type="cond" truecount="2" falsecount="0"/>
      <line num="109" count="1900" type="stmt"/>
      <line num="110" count="1900" type="stmt"/>
      <line num="111" count="1900" type="stmt"/>
      <line num="112" count="1900" type="stmt"/>
      <line num="116" count="627" type="cond" truecount="1" falsecount="1"/>
      <line num="117" count="627" type="stmt"/>
      <line num="121" count="627" type="stmt"/>
      <line num="122" count="6" type="stmt"/>
      <line num="128" count="627" type="stmt"/>
      <line num="132" count="627" type="stmt"/>
      <line num="133" count="627" type="stmt"/>
      <line num="134" count="627" type="stmt"/>
      <line num="135" count="627" type="stmt"/>
      <line num="136" count="627" type="stmt"/>
      <line num="137" count="627" type="stmt"/>
      <line num="138" count="627" type="stmt"/>
      <line num="139" count="627" type="stmt"/>
      <line num="140" count="627" type="stmt"/>
      <line num="141" count="627" type="stmt"/>
      <line num="142" count="627" type="stmt"/>
      <line num="143" count="627" type="stmt"/>
      <line num="144" count="627" type="stmt"/>
      <line num="145" count="627" type="stmt"/>
      <line num="146" count="627" type="stmt"/>
      <line num="147" count="627" type="stmt"/>
      <line num="148" count="627" type="stmt"/>
      <line num="149" count="627" type="stmt"/>
      <line num="150" count="627" type="stmt"/>
      <line num="151" count="627" type="stmt"/>
      <line num="152" count="627" type="stmt"/>
      <line num="153" count="627" type="stmt"/>
      <line num="154" count="627" type="stmt"/>
      <line num="155" count="627" type="stmt"/>
      <line num="156" count="627" type="stmt"/>
      <line num="157" count="627" type="stmt"/>
      <line num="158" count="627" type="stmt"/>
      <line num="159" count="627" type="stmt"/>
      <line num="160" count="627" type="stmt"/>
      <line num="161" count="627" type="stmt"/>
      <line num="162" count="627" type="stmt"/>
      <line num="163" count="627" type="stmt"/>
      <line num="165" count="627" type="stmt"/>
      <line num="168" count="121" type="stmt"/>
      <line num="169" count="121" type="stmt"/>
      <line num="170" count="121" type="cond" truecount="1" falsecount="1"/>
      <line num="172" count="121" type="stmt"/>
      <line num="174" count="121" type="cond" truecount="2" falsecount="1"/>
      <line num="178" count="121" type="stmt"/>
      <line num="179" count="257" type="stmt"/>
      <line num="182" count="121" type="cond" truecount="2" falsecount="0"/>
      <line num="185" count="627" type="cond" truecount="2" falsecount="0"/>
      <line num="186" count="602" type="stmt"/>
      <line num="188" count="61" type="stmt"/>
      <line num="191" count="61" type="cond" truecount="2" falsecount="0"/>
      <line num="193" count="61" type="stmt"/>
      <line num="195" count="61" type="cond" truecount="1" falsecount="1"/>
      <line num="197" count="61" type="stmt"/>
      <line num="201" count="61" type="stmt"/>
      <line num="203" count="61" type="stmt"/>
      <line num="209" count="627" type="stmt"/>
      <line num="234" count="627" type="stmt"/>
      <line num="236" count="627" type="stmt"/>
      <line num="247" count="627" type="stmt"/>
      <line num="249" count="627" type="stmt"/>
      <line num="252" count="0" type="stmt"/>
      <line num="259" count="627" type="stmt"/>
      <line num="265" count="627" type="stmt"/>
      <line num="275" count="627" type="stmt"/>
      <line num="276" count="627" type="stmt"/>
      <line num="277" count="627" type="stmt"/>
      <line num="279" count="5016" type="stmt"/>
      <line num="280" count="5016" type="stmt"/>
      <line num="281" count="5016" type="stmt"/>
      <line num="283" count="627" type="stmt"/>
      <line num="284" count="627" type="stmt"/>
      <line num="287" count="627" type="cond" truecount="2" falsecount="0"/>
      <line num="290" count="630" type="stmt"/>
      <line num="291" count="630" type="cond" truecount="2" falsecount="0"/>
      <line num="294" count="39" type="stmt"/>
      <line num="295" count="624" type="cond" truecount="2" falsecount="0"/>
      <line num="297" count="564" type="stmt"/>
      <line num="298" count="564" type="stmt"/>
      <line num="299" count="564" type="stmt"/>
      <line num="302" count="39" type="cond" truecount="2" falsecount="0"/>
      <line num="303" count="9" type="stmt"/>
      <line num="304" count="9" type="stmt"/>
      <line num="305" count="9" type="stmt"/>
      <line num="308" count="39" type="cond" truecount="2" falsecount="0"/>
      <line num="309" count="9" type="stmt"/>
      <line num="310" count="9" type="stmt"/>
      <line num="311" count="9" type="stmt"/>
      <line num="316" count="300" type="stmt"/>
      <line num="317" count="1234" type="cond" truecount="3" falsecount="0"/>
      <line num="320" count="300" type="cond" truecount="2" falsecount="0"/>
      <line num="324" count="150" type="cond" truecount="1" falsecount="1"/>
      <line num="325" count="150" type="cond" truecount="1" falsecount="1"/>
      <line num="326" count="150" type="stmt"/>
      <line num="327" count="150" type="stmt"/>
      <line num="328" count="150" type="stmt"/>
      <line num="331" count="150" type="cond" truecount="1" falsecount="1"/>
      <line num="332" count="150" type="stmt"/>
      <line num="333" count="150" type="stmt"/>
      <line num="334" count="150" type="stmt"/>
      <line num="339" count="588" type="stmt"/>
      <line num="340" count="4704" type="stmt"/>
      <line num="341" count="39" type="cond" truecount="1" falsecount="1"/>
      <line num="342" count="39" type="stmt"/>
      <line num="345" count="4704" type="stmt"/>
      <line num="346" count="10" type="cond" truecount="1" falsecount="1"/>
      <line num="348" count="10" type="stmt"/>
      <line num="349" count="10" type="stmt"/>
      <line num="352" count="4704" type="stmt"/>
      <line num="353" count="33" type="cond" truecount="1" falsecount="1"/>
      <line num="354" count="33" type="stmt"/>
      <line num="355" count="33" type="stmt"/>
      <line num="359" count="588" type="cond" truecount="1" falsecount="1"/>
      <line num="360" count="588" type="stmt"/>
      <line num="363" count="74" type="cond" truecount="1" falsecount="1"/>
      <line num="364" count="74" type="stmt"/>
      <line num="373" count="630" type="cond" truecount="2" falsecount="0"/>
      <line num="374" count="588" type="stmt"/>
      <line num="378" count="627" type="stmt"/>
      <line num="379" count="627" type="stmt"/>
      <line num="382" count="763" type="cond" truecount="4" falsecount="0"/>
      <line num="384" count="695" type="stmt"/>
      <line num="390" count="627" type="stmt"/>
      <line num="393" count="627" type="cond" truecount="1" falsecount="1"/>
      <line num="394" count="627" type="stmt"/>
      <line num="395" count="627" type="stmt"/>
      <line num="399" count="627" type="cond" truecount="1" falsecount="1"/>
      <line num="400" count="627" type="stmt"/>
      <line num="408" count="17850" type="cond" truecount="1" falsecount="1"/>
      <line num="409" count="17850" type="cond" truecount="2" falsecount="0"/>
      <line num="410" count="943" type="cond" truecount="2" falsecount="0"/>
      <line num="412" count="17850" type="stmt"/>
      <line num="416" count="693" type="cond" truecount="1" falsecount="1"/>
      <line num="417" count="693" type="cond" truecount="2" falsecount="0"/>
      <line num="418" count="34" type="cond" truecount="1" falsecount="1"/>
      <line num="420" count="693" type="stmt"/>
      <line num="424" count="18018" type="cond" truecount="2" falsecount="0"/>
      <line num="426" count="17850" type="stmt"/>
      <line num="427" count="17850" type="stmt"/>
      <line num="429" count="17850" type="stmt"/>
      <line num="433" count="693" type="cond" truecount="1" falsecount="1"/>
      <line num="435" count="693" type="stmt"/>
      <line num="436" count="693" type="stmt"/>
      <line num="438" count="693" type="stmt"/>
      <line num="444" count="61" type="stmt"/>
      <line num="449" count="61" type="stmt"/>
      <line num="452" count="61" type="stmt"/>
      <line num="454" count="61" type="cond" truecount="2" falsecount="0"/>
      <line num="459" count="1" type="stmt"/>
      <line num="463" count="60" type="stmt"/>
      <line num="466" count="110" type="stmt"/>
      <line num="472" count="60" type="cond" truecount="1" falsecount="1"/>
      <line num="473" count="0" type="stmt"/>
      <line num="476" count="60" type="stmt"/>
      <line num="479" count="60" type="stmt"/>
      <line num="481" count="60" type="stmt"/>
      <line num="486" count="60" type="stmt"/>
      <line num="490" count="688" type="stmt"/>
      <line num="491" count="688" type="cond" truecount="2" falsecount="0"/>
      <line num="493" count="663" type="stmt"/>
      <line num="495" count="663" type="stmt"/>
      <line num="496" count="2026" type="stmt"/>
      <line num="497" count="2689" type="stmt"/>
      <line num="501" count="663" type="stmt"/>
      <line num="503" count="663" type="stmt"/>
      <line num="504" count="3315" type="cond" truecount="1" falsecount="1"/>
      <line num="506" count="3315" type="cond" truecount="2" falsecount="0"/>
      <line num="507" count="166" type="stmt"/>
      <line num="510" count="3315" type="stmt"/>
      <line num="512" count="3315" type="cond" truecount="2" falsecount="0"/>
      <line num="513" count="2624" type="stmt"/>
      <line num="519" count="693" type="stmt"/>
      <line num="521" count="693" type="stmt"/>
      <line num="522" count="693" type="cond" truecount="2" falsecount="0"/>
      <line num="523" count="669" type="cond" truecount="1" falsecount="1"/>
      <line num="524" count="669" type="stmt"/>
      <line num="532" count="693" type="cond" truecount="2" falsecount="0"/>
      <line num="533" count="669" type="stmt"/>
      <line num="554" count="693" type="stmt"/>
      <line num="555" count="693" type="stmt"/>
      <line num="556" count="693" type="stmt"/>
      <line num="557" count="693" type="stmt"/>
      <line num="558" count="693" type="stmt"/>
      <line num="559" count="693" type="stmt"/>
      <line num="561" count="693" type="cond" truecount="2" falsecount="0"/>
      <line num="562" count="669" type="stmt"/>
      <line num="563" count="669" type="stmt"/>
      <line num="566" count="693" type="stmt"/>
      <line num="567" count="693" type="stmt"/>
      <line num="568" count="693" type="stmt"/>
      <line num="569" count="693" type="stmt"/>
      <line num="570" count="693" type="stmt"/>
      <line num="571" count="693" type="stmt"/>
      <line num="572" count="693" type="stmt"/>
      <line num="573" count="693" type="stmt"/>
      <line num="574" count="693" type="stmt"/>
      <line num="575" count="693" type="stmt"/>
      <line num="576" count="693" type="stmt"/>
      <line num="577" count="693" type="stmt"/>
      <line num="578" count="693" type="stmt"/>
      <line num="579" count="693" type="stmt"/>
      <line num="580" count="693" type="stmt"/>
      <line num="581" count="693" type="stmt"/>
      <line num="582" count="693" type="stmt"/>
      <line num="583" count="693" type="stmt"/>
      <line num="584" count="693" type="stmt"/>
      <line num="585" count="693" type="stmt"/>
      <line num="587" count="693" type="cond" truecount="4" falsecount="1"/>
      <line num="588" count="693" type="stmt"/>
      <line num="594" count="5" type="cond" truecount="2" falsecount="0"/>
      <line num="596" count="4" type="stmt"/>
      <line num="597" count="5" type="cond" truecount="1" falsecount="1"/>
      <line num="599" count="4" type="stmt"/>
      <line num="600" count="14" type="cond" truecount="1" falsecount="1"/>
      <line num="601" count="14" type="stmt"/>
      <line num="604" count="4" type="cond" truecount="2" falsecount="0"/>
      <line num="605" count="3" type="stmt"/>
      <line num="606" count="3" type="stmt"/>
      <line num="611" count="66" type="stmt"/>
      <line num="612" count="66" type="stmt"/>
      <line num="613" count="66" type="stmt"/>
      <line num="615" count="66" type="cond" truecount="2" falsecount="0"/>
      <line num="616" count="65" type="stmt"/>
      <line num="624" count="66" type="cond" truecount="2" falsecount="0"/>
      <line num="625" count="65" type="stmt"/>
      <line num="633" count="66" type="cond" truecount="2" falsecount="0"/>
      <line num="634" count="65" type="stmt"/>
      <line num="644" count="67" type="cond" truecount="2" falsecount="0"/>
      <line num="646" count="66" type="cond" truecount="1" falsecount="0"/>
      <line num="648" count="66" type="stmt"/>
      <line num="650" count="66" type="stmt"/>
      <line num="651" count="66" type="stmt"/>
      <line num="653" count="67" type="cond" truecount="2" falsecount="0"/>
      <line num="655" count="66" type="cond" truecount="2" falsecount="0"/>
      <line num="656" count="5" type="stmt"/>
      <line num="659" count="66" type="stmt"/>
      <line num="660" count="66" type="stmt"/>
      <line num="662" count="66" type="stmt"/>
      <line num="693" count="627" type="stmt"/>
      <line num="695" count="627" type="stmt"/>
      <line num="696" count="627" type="stmt"/>
      <line num="698" count="627" type="stmt"/>
      <line num="699" count="15" type="stmt"/>
      <line num="700" count="15" type="stmt"/>
    </file>
    <file name="prefill.js" path="/Users/sarahschneider/Library/Mobile Documents/com~apple~CloudDocs/Documents/_seiu503/member-app-2026-fa/src/prefill.js">
      <metrics statements="206" coveredstatements="204" conditionals="133" coveredconditionals="112" methods="26" coveredmethods="26"/>
      <line num="10" count="54" type="stmt"/>
      <line num="11" count="54" type="stmt"/>
      <line num="19" count="1" type="stmt"/>
      <line num="22" count="54" type="stmt"/>
      <line num="23" count="54" type="stmt"/>
      <line num="28" count="1" type="stmt"/>
      <line num="33" count="25" type="cond" truecount="1" falsecount="1"/>
      <line num="35" count="25" type="stmt"/>
      <line num="42" count="13" type="cond" truecount="1" falsecount="1"/>
      <line num="50" count="13" type="stmt"/>
      <line num="54" count="7" type="stmt"/>
      <line num="56" count="7" type="cond" truecount="1" falsecount="1"/>
      <line num="57" count="7" type="stmt"/>
      <line num="60" count="7" type="stmt"/>
      <line num="64" count="5" type="stmt"/>
      <line num="66" count="5" type="cond" truecount="1" falsecount="1"/>
      <line num="67" count="5" type="stmt"/>
      <line num="70" count="5" type="stmt"/>
      <line num="74" count="8" type="stmt"/>
      <line num="75" count="8" type="cond" truecount="1" falsecount="1"/>
      <line num="77" count="8" type="stmt"/>
      <line num="78" count="8" type="stmt"/>
      <line num="80" count="8" type="stmt"/>
      <line num="83" count="8" type="cond" truecount="2" falsecount="0"/>
      <line num="86" count="8" type="cond" truecount="2" falsecount="0"/>
      <line num="87" count="7" type="stmt"/>
      <line num="88" count="7" type="stmt"/>
      <line num="89" count="7" type="stmt"/>
      <line num="92" count="7" type="cond" truecount="1" falsecount="1"/>
      <line num="95" count="7" type="cond" truecount="1" falsecount="1"/>
      <line num="96" count="7" type="stmt"/>
      <line num="98" count="0" type="stmt"/>
      <line num="102" count="8" type="stmt"/>
      <line num="106" count="5" type="stmt"/>
      <line num="107" count="5" type="cond" truecount="1" falsecount="1"/>
      <line num="109" count="5" type="stmt"/>
      <line num="110" count="5" type="stmt"/>
      <line num="113" count="5" type="cond" truecount="2" falsecount="0"/>
      <line num="116" count="5" type="cond" truecount="2" falsecount="0"/>
      <line num="117" count="2" type="stmt"/>
      <line num="122" count="10" type="cond" truecount="1" falsecount="1"/>
      <line num="124" count="10" type="stmt"/>
      <line num="126" count="10" type="cond" truecount="1" falsecount="1"/>
      <line num="127" count="0" type="stmt"/>
      <line num="130" count="10" type="cond" truecount="2" falsecount="0"/>
      <line num="131" count="7" type="stmt"/>
      <line num="133" count="7" type="stmt"/>
      <line num="138" count="7" type="stmt"/>
      <line num="141" count="3" type="stmt"/>
      <line num="142" count="3" type="stmt"/>
      <line num="152" count="54" type="stmt"/>
      <line num="153" count="54" type="stmt"/>
      <line num="154" count="54" type="stmt"/>
      <line num="155" count="54" type="stmt"/>
      <line num="156" count="54" type="stmt"/>
      <line num="157" count="54" type="stmt"/>
      <line num="158" count="54" type="stmt"/>
      <line num="159" count="54" type="stmt"/>
      <line num="161" count="54" type="stmt"/>
      <line num="168" count="54" type="stmt"/>
      <line num="175" count="54" type="stmt"/>
      <line num="181" count="54" type="stmt"/>
      <line num="182" count="156" type="cond" truecount="2" falsecount="0"/>
      <line num="184" count="156" type="cond" truecount="2" falsecount="0"/>
      <line num="185" count="138" type="stmt"/>
      <line num="186" count="138" type="stmt"/>
      <line num="193" count="18" type="cond" truecount="2" falsecount="0"/>
      <line num="194" count="10" type="stmt"/>
      <line num="196" count="10" type="cond" truecount="2" falsecount="0"/>
      <line num="201" count="7" type="stmt"/>
      <line num="203" count="7" type="stmt"/>
      <line num="204" count="1" type="cond" truecount="1" falsecount="1"/>
      <line num="205" count="1" type="stmt"/>
      <line num="209" count="7" type="stmt"/>
      <line num="210" count="2" type="cond" truecount="4" falsecount="0"/>
      <line num="211" count="1" type="stmt"/>
      <line num="216" count="1" type="stmt"/>
      <line num="220" count="7" type="stmt"/>
      <line num="227" count="3" type="stmt"/>
      <line num="230" count="11" type="stmt"/>
      <line num="232" count="11" type="cond" truecount="2" falsecount="0"/>
      <line num="233" count="6" type="stmt"/>
      <line num="235" count="6" type="cond" truecount="2" falsecount="0"/>
      <line num="236" count="5" type="stmt"/>
      <line num="239" count="6" type="cond" truecount="2" falsecount="0"/>
      <line num="240" count="5" type="stmt"/>
      <line num="241" count="5" type="stmt"/>
      <line num="242" count="5" type="stmt"/>
      <line num="243" count="5" type="stmt"/>
      <line num="244" count="5" type="stmt"/>
      <line num="247" count="6" type="stmt"/>
      <line num="249" count="6" type="stmt"/>
      <line num="250" count="7" type="cond" truecount="2" falsecount="0"/>
      <line num="252" count="6" type="stmt"/>
      <line num="253" count="6" type="stmt"/>
      <line num="254" count="6" type="stmt"/>
      <line num="255" count="6" type="stmt"/>
      <line num="256" count="6" type="stmt"/>
      <line num="259" count="6" type="cond" truecount="1" falsecount="1"/>
      <line num="262" count="7" type="cond" truecount="2" falsecount="0"/>
      <line num="263" count="6" type="stmt"/>
      <line num="267" count="6" type="stmt"/>
      <line num="270" count="5" type="stmt"/>
      <line num="280" count="54" type="stmt"/>
      <line num="282" count="54" type="cond" truecount="2" falsecount="0"/>
      <line num="283" count="54" type="cond" truecount="2" falsecount="0"/>
      <line num="284" count="54" type="cond" truecount="2" falsecount="0"/>
      <line num="286" count="54" type="cond" truecount="3" falsecount="0"/>
      <line num="288" count="54" type="stmt"/>
      <line num="289" count="212" type="cond" truecount="2" falsecount="0"/>
      <line num="292" count="212" type="cond" truecount="1" falsecount="1"/>
      <line num="295" count="212" type="cond" truecount="1" falsecount="1"/>
      <line num="296" count="212" type="cond" truecount="2" falsecount="0"/>
      <line num="297" count="8" type="stmt"/>
      <line num="299" count="204" type="stmt"/>
      <line num="311" count="54" type="cond" truecount="2" falsecount="0"/>
      <line num="314" count="52" type="cond" truecount="1" falsecount="1"/>
      <line num="317" count="54" type="cond" truecount="2" falsecount="0"/>
      <line num="318" count="44" type="stmt"/>
      <line num="319" count="44" type="stmt"/>
      <line num="320" count="44" type="stmt"/>
      <line num="322" count="44" type="cond" truecount="1" falsecount="1"/>
      <line num="323" count="44" type="stmt"/>
      <line num="326" count="8" type="cond" truecount="1" falsecount="1"/>
      <line num="327" count="54" type="stmt"/>
      <line num="329" count="54" type="stmt"/>
      <line num="331" count="24" type="cond" truecount="3" falsecount="0"/>
      <line num="335" count="24" type="stmt"/>
      <line num="338" count="54" type="cond" truecount="2" falsecount="0"/>
      <line num="339" count="2" type="stmt"/>
      <line num="340" count="2" type="cond" truecount="1" falsecount="1"/>
      <line num="341" count="2" type="stmt"/>
      <line num="344" count="5" type="stmt"/>
      <line num="345" count="5" type="stmt"/>
      <line num="347" count="5" type="stmt"/>
      <line num="349" count="5" type="stmt"/>
      <line num="350" count="5" type="stmt"/>
      <line num="352" count="5" type="cond" truecount="1" falsecount="1"/>
      <line num="353" count="5" type="stmt"/>
      <line num="358" count="6" type="stmt"/>
      <line num="359" count="6" type="cond" truecount="2" falsecount="0"/>
      <line num="361" count="5" type="stmt"/>
      <line num="363" count="6" type="stmt"/>
      <line num="366" count="5" type="cond" truecount="2" falsecount="0"/>
      <line num="367" count="4" type="stmt"/>
      <line num="368" count="4" type="stmt"/>
      <line num="376" count="54" type="stmt"/>
      <line num="378" count="54" type="stmt"/>
      <line num="379" count="54" type="stmt"/>
      <line num="380" count="54" type="stmt"/>
      <line num="382" count="54" type="stmt"/>
      <line num="389" count="54" type="cond" truecount="5" falsecount="0"/>
      <line num="391" count="52" type="stmt"/>
      <line num="393" count="52" type="cond" truecount="2" falsecount="0"/>
      <line num="394" count="51" type="stmt"/>
      <line num="395" count="51" type="stmt"/>
      <line num="397" count="51" type="stmt"/>
      <line num="398" count="153" type="stmt"/>
      <line num="401" count="51" type="stmt"/>
      <line num="404" count="52" type="stmt"/>
      <line num="405" count="52" type="cond" truecount="1" falsecount="2"/>
      <line num="406" count="54" type="cond" truecount="2" falsecount="0"/>
      <line num="408" count="54" type="stmt"/>
      <line num="450" count="54" type="cond" truecount="2" falsecount="0"/>
      <line num="452" count="54" type="stmt"/>
      <line num="453" count="54" type="stmt"/>
      <line num="454" count="54" type="stmt"/>
      <line num="455" count="54" type="stmt"/>
      <line num="456" count="54" type="stmt"/>
      <line num="457" count="54" type="stmt"/>
      <line num="458" count="54" type="stmt"/>
      <line num="459" count="54" type="stmt"/>
      <line num="461" count="54" type="stmt"/>
      <line num="463" count="54" type="stmt"/>
      <line num="464" count="54" type="stmt"/>
      <line num="465" count="54" type="stmt"/>
      <line num="466" count="54" type="stmt"/>
      <line num="468" count="54" type="stmt"/>
      <line num="469" count="54" type="stmt"/>
      <line num="470" count="54" type="cond" truecount="2" falsecount="0"/>
      <line num="473" count="54" type="cond" truecount="2" falsecount="0"/>
      <line num="476" count="54" type="stmt"/>
      <line num="485" count="54" type="stmt"/>
      <line num="488" count="150" type="stmt"/>
      <line num="489" count="150" type="cond" truecount="2" falsecount="0"/>
      <line num="491" count="1" type="stmt"/>
      <line num="492" count="1" type="stmt"/>
      <line num="493" count="1" type="stmt"/>
      <line num="495" count="1" type="stmt"/>
      <line num="496" count="1" type="stmt"/>
      <line num="501" count="54" type="stmt"/>
      <line num="509" count="54" type="cond" truecount="5" falsecount="0"/>
      <line num="510" count="3" type="stmt"/>
      <line num="511" count="3" type="stmt"/>
      <line num="516" count="153" type="cond" truecount="2" falsecount="0"/>
      <line num="518" count="60" type="stmt"/>
      <line num="519" count="60" type="cond" truecount="2" falsecount="0"/>
      <line num="521" count="59" type="stmt"/>
      <line num="525" count="3" type="stmt"/>
      <line num="527" count="3" type="cond" truecount="2" falsecount="0"/>
      <line num="528" count="2" type="stmt"/>
      <line num="533" count="7" type="stmt"/>
      <line num="535" count="7" type="cond" truecount="2" falsecount="0"/>
      <line num="536" count="6" type="stmt"/>
      <line num="541" count="3" type="stmt"/>
      <line num="545" count="7" type="stmt"/>
    </file>
    <file name="validation.js" path="/Users/sarahschneider/Library/Mobile Documents/com~apple~CloudDocs/Documents/_seiu503/member-app-2026-fa/src/validation.js">
      <metrics statements="75" coveredstatements="70" conditionals="40" coveredconditionals="35" methods="26" coveredmethods="20"/>
      <line num="3" count="1" type="stmt"/>
      <line num="6" count="1" type="stmt"/>
      <line num="10" count="2" type="cond" truecount="2" falsecount="0"/>
      <line num="24" count="0" type="stmt"/>
      <line num="38" count="0" type="stmt"/>
      <line num="52" count="0" type="stmt"/>
      <line num="66" count="0" type="stmt"/>
      <line num="80" count="0" type="stmt"/>
      <line num="93" count="1" type="stmt"/>
      <line num="96" count="507" type="stmt"/>
      <line num="107" count="507" type="stmt"/>
      <line num="108" count="4056" type="cond" truecount="2" falsecount="0"/>
      <line num="109" count="2482" type="cond" truecount="2" falsecount="0"/>
      <line num="111" count="507" type="cond" truecount="2" falsecount="0"/>
      <line num="116" count="1" type="cond" truecount="1" falsecount="1"/>
      <line num="117" count="1" type="stmt"/>
      <line num="119" count="1" type="stmt"/>
      <line num="121" count="1" type="stmt"/>
      <line num="122" count="4" type="stmt"/>
      <line num="123" count="4" type="stmt"/>
      <line num="125" count="4" type="stmt"/>
      <line num="127" count="4" type="cond" truecount="4" falsecount="0"/>
      <line num="128" count="3" type="stmt"/>
      <line num="132" count="3" type="cond" truecount="2" falsecount="0"/>
      <line num="133" count="2" type="stmt"/>
      <line num="137" count="2" type="stmt"/>
      <line num="142" count="1" type="cond" truecount="1" falsecount="1"/>
      <line num="143" count="1" type="stmt"/>
      <line num="145" count="1" type="stmt"/>
      <line num="153" count="1" type="stmt"/>
      <line num="156" count="2" type="stmt"/>
      <line num="157" count="2" type="stmt"/>
      <line num="158" count="2" type="stmt"/>
      <line num="159" count="2" type="stmt"/>
      <line num="164" count="1" type="stmt"/>
      <line num="167" count="1" type="stmt"/>
      <line num="168" count="1" type="stmt"/>
      <line num="169" count="1" type="stmt"/>
      <line num="177" count="1" type="stmt"/>
      <line num="180" count="2" type="stmt"/>
      <line num="181" count="2" type="stmt"/>
      <line num="182" count="2" type="stmt"/>
      <line num="183" count="2" type="stmt"/>
      <line num="190" count="165" type="stmt"/>
      <line num="191" count="165" type="stmt"/>
      <line num="192" count="165" type="stmt"/>
      <line num="196" count="173" type="stmt"/>
      <line num="197" count="173" type="stmt"/>
      <line num="198" count="173" type="cond" truecount="2" falsecount="0"/>
      <line num="200" count="89" type="stmt"/>
      <line num="203" count="178" type="cond" truecount="4" falsecount="0"/>
      <line num="204" count="25" type="stmt"/>
      <line num="205" count="153" type="cond" truecount="2" falsecount="0"/>
      <line num="206" count="24" type="stmt"/>
      <line num="212" count="88" type="stmt"/>
      <line num="214" count="88" type="cond" truecount="2" falsecount="0"/>
      <line num="215" count="7" type="stmt"/>
      <line num="216" count="81" type="cond" truecount="1" falsecount="1"/>
      <line num="217" count="468" type="stmt"/>
      <line num="220" count="88" type="stmt"/>
      <line num="224" count="165" type="stmt"/>
      <line num="225" count="165" type="cond" truecount="2" falsecount="0"/>
      <line num="227" count="82" type="stmt"/>
      <line num="228" count="82" type="cond" truecount="2" falsecount="0"/>
      <line num="230" count="81" type="stmt"/>
      <line num="231" count="488" type="cond" truecount="1" falsecount="1"/>
      <line num="233" count="488" type="stmt"/>
      <line num="234" count="2928" type="stmt"/>
      <line num="237" count="488" type="cond" truecount="2" falsecount="0"/>
      <line num="238" count="154" type="stmt"/>
      <line num="239" count="154" type="stmt"/>
      <line num="248" count="1" type="stmt"/>
      <line num="249" count="1" type="stmt"/>
      <line num="250" count="1" type="stmt"/>
      <line num="251" count="1" type="stmt"/>
    </file>
  </project>
</coverage>
