{"/Users/sarahschneider/Library/Mobile Documents/com~apple~CloudDocs/Documents/_seiu503/member-app-2026-fa/src/dateHelpers.js": {"path":"/Users/sarahschneider/Library/Mobile Documents/com~apple~CloudDocs/Documents/_seiu503/member-app-2026-fa/src/dateHelpers.js","statementMap":{"0":{"start":{"line":12,"column":16},"end":{"line":12,"column":48}},"1":{"start":{"line":14,"column":19},"end":{"line":14,"column":50}},"2":{"start":{"line":15,"column":19},"end":{"line":15,"column":50}},"3":{"start":{"line":16,"column":21},"end":{"line":16,"column":52}},"4":{"start":{"line":18,"column":2},"end":{"line":18,"column":null}},"5":{"start":{"line":18,"column":55},"end":{"line":18,"column":null}},"6":{"start":{"line":20,"column":22},"end":{"line":20,"column":38}},"7":{"start":{"line":21,"column":22},"end":{"line":21,"column":36}},"8":{"start":{"line":22,"column":24},"end":{"line":22,"column":39}},"9":{"start":{"line":24,"column":2},"end":{"line":27,"column":null}},"10":{"start":{"line":25,"column":4},"end":{"line":25,"column":null}},"11":{"start":{"line":26,"column":4},"end":{"line":26,"column":null}},"12":{"start":{"line":30,"column":19},"end":{"line":30,"column":62}},"13":{"start":{"line":32,"column":4},"end":{"line":34,"column":null}},"14":{"start":{"line":33,"column":6},"end":{"line":33,"column":null}},"15":{"start":{"line":36,"column":4},"end":{"line":36,"column":null}},"16":{"start":{"line":40,"column":4},"end":{"line":40,"column":null}},"17":{"start":{"line":40,"column":28},"end":{"line":40,"column":null}},"18":{"start":{"line":42,"column":19},"end":{"line":44,"column":6}},"19":{"start":{"line":43,"column":6},"end":{"line":43,"column":null}},"20":{"start":{"line":46,"column":4},"end":{"line":46,"column":null}},"21":{"start":{"line":46,"column":17},"end":{"line":46,"column":null}},"22":{"start":{"line":48,"column":4},"end":{"line":48,"column":null}},"23":{"start":{"line":49,"column":4},"end":{"line":49,"column":null}},"24":{"start":{"line":50,"column":4},"end":{"line":50,"column":null}},"25":{"start":{"line":54,"column":4},"end":{"line":64,"column":null}},"26":{"start":{"line":56,"column":8},"end":{"line":56,"column":null}},"27":{"start":{"line":61,"column":8},"end":{"line":61,"column":null}},"28":{"start":{"line":63,"column":8},"end":{"line":63,"column":null}},"29":{"start":{"line":68,"column":16},"end":{"line":68,"column":40}},"30":{"start":{"line":69,"column":17},"end":{"line":69,"column":32}},"31":{"start":{"line":71,"column":4},"end":{"line":73,"column":null}},"32":{"start":{"line":71,"column":17},"end":{"line":71,"column":18}},"33":{"start":{"line":72,"column":6},"end":{"line":72,"column":null}},"34":{"start":{"line":75,"column":4},"end":{"line":75,"column":null}},"35":{"start":{"line":79,"column":18},"end":{"line":79,"column":35}},"36":{"start":{"line":80,"column":24},"end":{"line":80,"column":48}},"37":{"start":{"line":82,"column":4},"end":{"line":84,"column":null}},"38":{"start":{"line":82,"column":17},"end":{"line":82,"column":28}},"39":{"start":{"line":83,"column":6},"end":{"line":83,"column":null}},"40":{"start":{"line":86,"column":4},"end":{"line":86,"column":null}},"41":{"start":{"line":90,"column":4},"end":{"line":90,"column":null}},"42":{"start":{"line":92,"column":4},"end":{"line":95,"column":null}},"43":{"start":{"line":93,"column":20},"end":{"line":93,"column":43}},"44":{"start":{"line":94,"column":6},"end":{"line":94,"column":null}},"45":{"start":{"line":97,"column":4},"end":{"line":99,"column":null}},"46":{"start":{"line":98,"column":6},"end":{"line":98,"column":null}},"47":{"start":{"line":103,"column":24},"end":{"line":103,"column":49}},"48":{"start":{"line":104,"column":18},"end":{"line":104,"column":43}},"49":{"start":{"line":106,"column":4},"end":{"line":106,"column":null}},"50":{"start":{"line":109,"column":2},"end":{"line":138,"column":null}},"51":{"start":{"line":110,"column":25},"end":{"line":110,"column":55}},"52":{"start":{"line":112,"column":4},"end":{"line":112,"column":null}},"53":{"start":{"line":112,"column":23},"end":{"line":112,"column":null}},"54":{"start":{"line":114,"column":4},"end":{"line":114,"column":null}},"55":{"start":{"line":115,"column":4},"end":{"line":115,"column":null}},"56":{"start":{"line":116,"column":4},"end":{"line":116,"column":null}},"57":{"start":{"line":118,"column":26},"end":{"line":118,"column":51}},"58":{"start":{"line":119,"column":24},"end":{"line":119,"column":49}},"59":{"start":{"line":120,"column":25},"end":{"line":120,"column":52}},"60":{"start":{"line":122,"column":4},"end":{"line":125,"column":null}},"61":{"start":{"line":123,"column":6},"end":{"line":123,"column":null}},"62":{"start":{"line":124,"column":6},"end":{"line":124,"column":null}},"63":{"start":{"line":127,"column":4},"end":{"line":131,"column":null}},"64":{"start":{"line":133,"column":4},"end":{"line":137,"column":null}},"65":{"start":{"line":141,"column":4},"end":{"line":141,"column":null}},"66":{"start":{"line":141,"column":29},"end":{"line":141,"column":null}},"67":{"start":{"line":142,"column":4},"end":{"line":142,"column":null}},"68":{"start":{"line":146,"column":15},"end":{"line":146,"column":40}},"69":{"start":{"line":147,"column":15},"end":{"line":147,"column":40}},"70":{"start":{"line":148,"column":17},"end":{"line":148,"column":44}},"71":{"start":{"line":150,"column":4},"end":{"line":150,"column":null}},"72":{"start":{"line":152,"column":4},"end":{"line":152,"column":null}},"73":{"start":{"line":153,"column":4},"end":{"line":153,"column":null}},"74":{"start":{"line":157,"column":21},"end":{"line":157,"column":38}},"75":{"start":{"line":158,"column":18},"end":{"line":158,"column":61}},"76":{"start":{"line":160,"column":4},"end":{"line":160,"column":null}},"77":{"start":{"line":160,"column":16},"end":{"line":160,"column":null}},"78":{"start":{"line":162,"column":29},"end":{"line":162,"column":34}},"79":{"start":{"line":164,"column":4},"end":{"line":164,"column":null}},"80":{"start":{"line":165,"column":4},"end":{"line":165,"column":null}},"81":{"start":{"line":166,"column":4},"end":{"line":166,"column":null}},"82":{"start":{"line":167,"column":4},"end":{"line":167,"column":null}},"83":{"start":{"line":170,"column":2},"end":{"line":170,"column":null}},"84":{"start":{"line":171,"column":2},"end":{"line":171,"column":null}},"85":{"start":{"line":172,"column":2},"end":{"line":172,"column":null}},"86":{"start":{"line":174,"column":2},"end":{"line":177,"column":null}},"87":{"start":{"line":175,"column":4},"end":{"line":175,"column":null}},"88":{"start":{"line":176,"column":4},"end":{"line":176,"column":null}},"89":{"start":{"line":179,"column":2},"end":{"line":179,"column":null}},"90":{"start":{"line":180,"column":2},"end":{"line":180,"column":null}},"91":{"start":{"line":182,"column":2},"end":{"line":184,"column":null}},"92":{"start":{"line":183,"column":4},"end":{"line":183,"column":null}}},"fnMap":{"0":{"name":"initDateHelpers","decl":{"start":{"line":3,"column":16},"end":{"line":3,"column":31}},"loc":{"start":{"line":11,"column":8},"end":{"line":185,"column":null}},"line":11},"1":{"name":"getSelectedText","decl":{"start":{"line":29,"column":11},"end":{"line":29,"column":26}},"loc":{"start":{"line":29,"column":37},"end":{"line":37,"column":null}},"line":29},"2":{"name":"setSelectByText","decl":{"start":{"line":39,"column":11},"end":{"line":39,"column":26}},"loc":{"start":{"line":39,"column":43},"end":{"line":51,"column":null}},"line":39},"3":{"name":"(anonymous_3)","decl":{"start":{"line":42,"column":53},"end":{"line":42,"column":56}},"loc":{"start":{"line":42,"column":60},"end":{"line":44,"column":5}},"line":42},"4":{"name":"getMaxDay","decl":{"start":{"line":53,"column":11},"end":{"line":53,"column":20}},"loc":{"start":{"line":53,"column":28},"end":{"line":65,"column":null}},"line":53},"5":{"name":"buildDayOptions","decl":{"start":{"line":67,"column":11},"end":{"line":67,"column":26}},"loc":{"start":{"line":67,"column":34},"end":{"line":76,"column":null}},"line":67},"6":{"name":"buildYearOptions","decl":{"start":{"line":78,"column":11},"end":{"line":78,"column":27}},"loc":{"start":{"line":78,"column":30},"end":{"line":87,"column":null}},"line":78},"7":{"name":"populateSelect","decl":{"start":{"line":89,"column":11},"end":{"line":89,"column":25}},"loc":{"start":{"line":89,"column":57},"end":{"line":100,"column":null}},"line":89},"8":{"name":"(anonymous_8)","decl":{"start":{"line":92,"column":18},"end":{"line":92,"column":19}},"loc":{"start":{"line":92,"column":35},"end":{"line":95,"column":5}},"line":92},"9":{"name":"refreshDayOptions","decl":{"start":{"line":102,"column":11},"end":{"line":102,"column":28}},"loc":{"start":{"line":102,"column":31},"end":{"line":107,"column":null}},"line":102},"10":{"name":"(anonymous_10)","decl":{"start":{"line":109,"column":46},"end":{"line":109,"column":54}},"loc":{"start":{"line":109,"column":63},"end":{"line":138,"column":3}},"line":109},"11":{"name":"formatSFDate","decl":{"start":{"line":140,"column":11},"end":{"line":140,"column":23}},"loc":{"start":{"line":140,"column":38},"end":{"line":143,"column":null}},"line":140},"12":{"name":"updateBirthdateField","decl":{"start":{"line":145,"column":11},"end":{"line":145,"column":31}},"loc":{"start":{"line":145,"column":34},"end":{"line":154,"column":null}},"line":145},"13":{"name":"restoreVisibleFieldsFromDob","decl":{"start":{"line":156,"column":11},"end":{"line":156,"column":38}},"loc":{"start":{"line":156,"column":41},"end":{"line":168,"column":null}},"line":156},"14":{"name":"(anonymous_14)","decl":{"start":{"line":174,"column":38},"end":{"line":174,"column":46}},"loc":{"start":{"line":174,"column":50},"end":{"line":177,"column":3}},"line":174}},"branchMap":{"0":{"loc":{"start":{"line":3,"column":32},"end":{"line":11,"column":6}},"type":"default-arg","locations":[{"start":{"line":11,"column":4},"end":{"line":11,"column":6}}],"line":3},"1":{"loc":{"start":{"line":8,"column":2},"end":{"line":8,"column":28}},"type":"default-arg","locations":[{"start":{"line":8,"column":21},"end":{"line":8,"column":28}}],"line":8},"2":{"loc":{"start":{"line":9,"column":2},"end":{"line":9,"column":24}},"type":"default-arg","locations":[{"start":{"line":9,"column":19},"end":{"line":9,"column":24}}],"line":9},"3":{"loc":{"start":{"line":10,"column":2},"end":{"line":10,"column":null}},"type":"default-arg","locations":[{"start":{"line":10,"column":20},"end":{"line":10,"column":null}}],"line":10},"4":{"loc":{"start":{"line":18,"column":2},"end":{"line":18,"column":null}},"type":"if","locations":[{"start":{"line":18,"column":2},"end":{"line":18,"column":null}},{"start":{},"end":{}}],"line":18},"5":{"loc":{"start":{"line":18,"column":6},"end":{"line":18,"column":53}},"type":"binary-expr","locations":[{"start":{"line":18,"column":6},"end":{"line":18,"column":12}},{"start":{"line":18,"column":16},"end":{"line":18,"column":25}},{"start":{"line":18,"column":29},"end":{"line":18,"column":38}},{"start":{"line":18,"column":42},"end":{"line":18,"column":53}}],"line":18},"6":{"loc":{"start":{"line":24,"column":2},"end":{"line":27,"column":null}},"type":"if","locations":[{"start":{"line":24,"column":2},"end":{"line":27,"column":null}},{"start":{},"end":{}}],"line":24},"7":{"loc":{"start":{"line":32,"column":4},"end":{"line":34,"column":null}},"type":"if","locations":[{"start":{"line":32,"column":4},"end":{"line":34,"column":null}},{"start":{},"end":{}}],"line":32},"8":{"loc":{"start":{"line":32,"column":8},"end":{"line":32,"column":38}},"type":"binary-expr","locations":[{"start":{"line":32,"column":8},"end":{"line":32,"column":15}},{"start":{"line":32,"column":19},"end":{"line":32,"column":38}}],"line":32},"9":{"loc":{"start":{"line":36,"column":11},"end":{"line":36,"column":43}},"type":"binary-expr","locations":[{"start":{"line":36,"column":11},"end":{"line":36,"column":37}},{"start":{"line":36,"column":41},"end":{"line":36,"column":43}}],"line":36},"10":{"loc":{"start":{"line":40,"column":4},"end":{"line":40,"column":null}},"type":"if","locations":[{"start":{"line":40,"column":4},"end":{"line":40,"column":null}},{"start":{},"end":{}}],"line":40},"11":{"loc":{"start":{"line":40,"column":8},"end":{"line":40,"column":26}},"type":"binary-expr","locations":[{"start":{"line":40,"column":8},"end":{"line":40,"column":17}},{"start":{"line":40,"column":21},"end":{"line":40,"column":26}}],"line":40},"12":{"loc":{"start":{"line":43,"column":13},"end":{"line":43,"column":66}},"type":"binary-expr","locations":[{"start":{"line":43,"column":13},"end":{"line":43,"column":44}},{"start":{"line":43,"column":48},"end":{"line":43,"column":66}}],"line":43},"13":{"loc":{"start":{"line":46,"column":4},"end":{"line":46,"column":null}},"type":"if","locations":[{"start":{"line":46,"column":4},"end":{"line":46,"column":null}},{"start":{},"end":{}}],"line":46},"14":{"loc":{"start":{"line":54,"column":4},"end":{"line":64,"column":null}},"type":"switch","locations":[{"start":{"line":55,"column":6},"end":{"line":56,"column":null}},{"start":{"line":57,"column":6},"end":{"line":57,"column":null}},{"start":{"line":58,"column":6},"end":{"line":58,"column":null}},{"start":{"line":59,"column":6},"end":{"line":59,"column":null}},{"start":{"line":60,"column":6},"end":{"line":61,"column":null}},{"start":{"line":62,"column":6},"end":{"line":63,"column":null}}],"line":54},"15":{"loc":{"start":{"line":68,"column":26},"end":{"line":68,"column":39}},"type":"binary-expr","locations":[{"start":{"line":68,"column":26},"end":{"line":68,"column":31}},{"start":{"line":68,"column":35},"end":{"line":68,"column":39}}],"line":68},"16":{"loc":{"start":{"line":72,"column":16},"end":{"line":72,"column":44}},"type":"cond-expr","locations":[{"start":{"line":72,"column":25},"end":{"line":72,"column":32}},{"start":{"line":72,"column":35},"end":{"line":72,"column":44}}],"line":72},"17":{"loc":{"start":{"line":93,"column":20},"end":{"line":93,"column":43}},"type":"cond-expr","locations":[{"start":{"line":93,"column":34},"end":{"line":93,"column":36}},{"start":{"line":93,"column":39},"end":{"line":93,"column":43}}],"line":93},"18":{"loc":{"start":{"line":97,"column":4},"end":{"line":99,"column":null}},"type":"if","locations":[{"start":{"line":97,"column":4},"end":{"line":99,"column":null}},{"start":{},"end":{}}],"line":97},"19":{"loc":{"start":{"line":112,"column":4},"end":{"line":112,"column":null}},"type":"if","locations":[{"start":{"line":112,"column":4},"end":{"line":112,"column":null}},{"start":{},"end":{}}],"line":112},"20":{"loc":{"start":{"line":122,"column":4},"end":{"line":125,"column":null}},"type":"if","locations":[{"start":{"line":122,"column":4},"end":{"line":125,"column":null}},{"start":{},"end":{}}],"line":122},"21":{"loc":{"start":{"line":141,"column":4},"end":{"line":141,"column":null}},"type":"if","locations":[{"start":{"line":141,"column":4},"end":{"line":141,"column":null}},{"start":{},"end":{}}],"line":141},"22":{"loc":{"start":{"line":141,"column":8},"end":{"line":141,"column":27}},"type":"binary-expr","locations":[{"start":{"line":141,"column":8},"end":{"line":141,"column":11}},{"start":{"line":141,"column":15},"end":{"line":141,"column":18}},{"start":{"line":141,"column":22},"end":{"line":141,"column":27}}],"line":141},"23":{"loc":{"start":{"line":157,"column":21},"end":{"line":157,"column":38}},"type":"binary-expr","locations":[{"start":{"line":157,"column":21},"end":{"line":157,"column":32}},{"start":{"line":157,"column":36},"end":{"line":157,"column":38}}],"line":157},"24":{"loc":{"start":{"line":160,"column":4},"end":{"line":160,"column":null}},"type":"if","locations":[{"start":{"line":160,"column":4},"end":{"line":160,"column":null}},{"start":{},"end":{}}],"line":160},"25":{"loc":{"start":{"line":182,"column":2},"end":{"line":184,"column":null}},"type":"if","locations":[{"start":{"line":182,"column":2},"end":{"line":184,"column":null}},{"start":{},"end":{}}],"line":182}},"s":{"0":28,"1":28,"2":28,"3":28,"4":28,"5":1,"6":27,"7":27,"8":27,"9":27,"10":27,"11":27,"12":420,"13":420,"14":284,"15":136,"16":44,"17":0,"18":44,"19":1099,"20":44,"21":3,"22":41,"23":41,"24":41,"25":125,"26":10,"27":36,"28":79,"29":125,"30":125,"31":125,"32":125,"33":3819,"34":125,"35":101,"36":101,"37":101,"38":101,"39":10100,"40":101,"41":226,"42":226,"43":14145,"44":14145,"45":226,"46":32,"47":51,"48":51,"49":51,"50":27,"51":98,"52":98,"53":24,"54":74,"55":74,"56":74,"57":74,"58":74,"59":74,"60":74,"61":74,"62":74,"63":74,"64":74,"65":23,"66":22,"67":1,"68":23,"69":23,"70":23,"71":23,"72":23,"73":23,"74":30,"75":30,"76":30,"77":26,"78":4,"79":4,"80":4,"81":4,"82":4,"83":27,"84":27,"85":27,"86":27,"87":20,"88":20,"89":27,"90":27,"91":27,"92":3},"f":{"0":28,"1":420,"2":44,"3":1099,"4":125,"5":125,"6":101,"7":226,"8":14145,"9":51,"10":98,"11":23,"12":23,"13":30,"14":20},"b":{"0":[28],"1":[28],"2":[28],"3":[28],"4":[1,27],"5":[28,28,28,27],"6":[27,0],"7":[284,136],"8":[420,420],"9":[136,0],"10":[0,44],"11":[44,44],"12":[1099,1058],"13":[3,41],"14":[10,8,20,27,36,79],"15":[125,49],"16":[1125,2694],"17":[226,13919],"18":[32,194],"19":[24,74],"20":[74,0],"21":[22,1],"22":[23,23,4],"23":[30,24],"24":[26,4],"25":[3,24]},"meta":{"lastBranch":26,"lastFunction":15,"lastStatement":93,"seen":{"f:3:16:3:31":0,"b:11:4:11:6":0,"b:8:21:8:28":1,"b:9:19:9:24":2,"b:10:20:10:Infinity":3,"s:12:16:12:48":0,"s:14:19:14:50":1,"s:15:19:15:50":2,"s:16:21:16:52":3,"b:18:2:18:Infinity:undefined:undefined:undefined:undefined":4,"s:18:2:18:Infinity":4,"b:18:6:18:12:18:16:18:25:18:29:18:38:18:42:18:53":5,"s:18:55:18:Infinity":5,"s:20:22:20:38":6,"s:21:22:21:36":7,"s:22:24:22:39":8,"b:24:2:27:Infinity:undefined:undefined:undefined:undefined":6,"s:24:2:27:Infinity":9,"s:25:4:25:Infinity":10,"s:26:4:26:Infinity":11,"f:29:11:29:26":1,"s:30:19:30:62":12,"b:32:4:34:Infinity:undefined:undefined:undefined:undefined":7,"s:32:4:34:Infinity":13,"b:32:8:32:15:32:19:32:38":8,"s:33:6:33:Infinity":14,"s:36:4:36:Infinity":15,"b:36:11:36:37:36:41:36:43":9,"f:39:11:39:26":2,"b:40:4:40:Infinity:undefined:undefined:undefined:undefined":10,"s:40:4:40:Infinity":16,"b:40:8:40:17:40:21:40:26":11,"s:40:28:40:Infinity":17,"s:42:19:44:6":18,"f:42:53:42:56":3,"s:43:6:43:Infinity":19,"b:43:13:43:44:43:48:43:66":12,"b:46:4:46:Infinity:undefined:undefined:undefined:undefined":13,"s:46:4:46:Infinity":20,"s:46:17:46:Infinity":21,"s:48:4:48:Infinity":22,"s:49:4:49:Infinity":23,"s:50:4:50:Infinity":24,"f:53:11:53:20":4,"b:55:6:56:Infinity:57:6:57:Infinity:58:6:58:Infinity:59:6:59:Infinity:60:6:61:Infinity:62:6:63:Infinity":14,"s:54:4:64:Infinity":25,"s:56:8:56:Infinity":26,"s:61:8:61:Infinity":27,"s:63:8:63:Infinity":28,"f:67:11:67:26":5,"s:68:16:68:40":29,"b:68:26:68:31:68:35:68:39":15,"s:69:17:69:32":30,"s:71:4:73:Infinity":31,"s:71:17:71:18":32,"s:72:6:72:Infinity":33,"b:72:25:72:32:72:35:72:44":16,"s:75:4:75:Infinity":34,"f:78:11:78:27":6,"s:79:18:79:35":35,"s:80:24:80:48":36,"s:82:4:84:Infinity":37,"s:82:17:82:28":38,"s:83:6:83:Infinity":39,"s:86:4:86:Infinity":40,"f:89:11:89:25":7,"s:90:4:90:Infinity":41,"s:92:4:95:Infinity":42,"f:92:18:92:19":8,"s:93:20:93:43":43,"b:93:34:93:36:93:39:93:43":17,"s:94:6:94:Infinity":44,"b:97:4:99:Infinity:undefined:undefined:undefined:undefined":18,"s:97:4:99:Infinity":45,"s:98:6:98:Infinity":46,"f:102:11:102:28":9,"s:103:24:103:49":47,"s:104:18:104:43":48,"s:106:4:106:Infinity":49,"s:109:2:138:Infinity":50,"f:109:46:109:54":10,"s:110:25:110:55":51,"b:112:4:112:Infinity:undefined:undefined:undefined:undefined":19,"s:112:4:112:Infinity":52,"s:112:23:112:Infinity":53,"s:114:4:114:Infinity":54,"s:115:4:115:Infinity":55,"s:116:4:116:Infinity":56,"s:118:26:118:51":57,"s:119:24:119:49":58,"s:120:25:120:52":59,"b:122:4:125:Infinity:undefined:undefined:undefined:undefined":20,"s:122:4:125:Infinity":60,"s:123:6:123:Infinity":61,"s:124:6:124:Infinity":62,"s:127:4:131:Infinity":63,"s:133:4:137:Infinity":64,"f:140:11:140:23":11,"b:141:4:141:Infinity:undefined:undefined:undefined:undefined":21,"s:141:4:141:Infinity":65,"b:141:8:141:11:141:15:141:18:141:22:141:27":22,"s:141:29:141:Infinity":66,"s:142:4:142:Infinity":67,"f:145:11:145:31":12,"s:146:15:146:40":68,"s:147:15:147:40":69,"s:148:17:148:44":70,"s:150:4:150:Infinity":71,"s:152:4:152:Infinity":72,"s:153:4:153:Infinity":73,"f:156:11:156:38":13,"s:157:21:157:38":74,"b:157:21:157:32:157:36:157:38":23,"s:158:18:158:61":75,"b:160:4:160:Infinity:undefined:undefined:undefined:undefined":24,"s:160:4:160:Infinity":76,"s:160:16:160:Infinity":77,"s:162:29:162:34":78,"s:164:4:164:Infinity":79,"s:165:4:165:Infinity":80,"s:166:4:166:Infinity":81,"s:167:4:167:Infinity":82,"s:170:2:170:Infinity":83,"s:171:2:171:Infinity":84,"s:172:2:172:Infinity":85,"s:174:2:177:Infinity":86,"f:174:38:174:46":14,"s:175:4:175:Infinity":87,"s:176:4:176:Infinity":88,"s:179:2:179:Infinity":89,"s:180:2:180:Infinity":90,"b:182:2:184:Infinity:undefined:undefined:undefined:undefined":25,"s:182:2:184:Infinity":91,"s:183:4:183:Infinity":92},"fnNames":{}}}
,"/Users/sarahschneider/Library/Mobile Documents/com~apple~CloudDocs/Documents/_seiu503/member-app-2026-fa/src/main.js": {"path":"/Users/sarahschneider/Library/Mobile Documents/com~apple~CloudDocs/Documents/_seiu503/member-app-2026-fa/src/main.js","statementMap":{"0":{"start":{"line":16,"column":2},"end":{"line":18,"column":null}},"1":{"start":{"line":17,"column":46},"end":{"line":17,"column":72}},"2":{"start":{"line":21,"column":25},"end":{"line":21,"column":62}},"3":{"start":{"line":24,"column":2},"end":{"line":24,"column":null}},"4":{"start":{"line":24,"column":20},"end":{"line":24,"column":null}},"5":{"start":{"line":26,"column":16},"end":{"line":26,"column":38}},"6":{"start":{"line":27,"column":2},"end":{"line":27,"column":null}},"7":{"start":{"line":27,"column":14},"end":{"line":27,"column":null}},"8":{"start":{"line":29,"column":16},"end":{"line":29,"column":29}},"9":{"start":{"line":30,"column":2},"end":{"line":30,"column":null}},"10":{"start":{"line":30,"column":49},"end":{"line":30,"column":null}},"11":{"start":{"line":32,"column":18},"end":{"line":32,"column":27}},"12":{"start":{"line":33,"column":2},"end":{"line":33,"column":null}},"13":{"start":{"line":33,"column":53},"end":{"line":33,"column":null}},"14":{"start":{"line":35,"column":2},"end":{"line":35,"column":null}},"15":{"start":{"line":38,"column":0},"end":{"line":703,"column":null}},"16":{"start":{"line":40,"column":16},"end":{"line":40,"column":46}},"17":{"start":{"line":45,"column":3},"end":{"line":45,"column":null}},"18":{"start":{"line":46,"column":17},"end":{"line":46,"column":64}},"19":{"start":{"line":47,"column":19},"end":{"line":47,"column":34}},"20":{"start":{"line":48,"column":3},"end":{"line":48,"column":null}},"21":{"start":{"line":48,"column":17},"end":{"line":48,"column":null}},"22":{"start":{"line":49,"column":3},"end":{"line":49,"column":null}},"23":{"start":{"line":49,"column":20},"end":{"line":49,"column":null}},"24":{"start":{"line":50,"column":3},"end":{"line":50,"column":null}},"25":{"start":{"line":55,"column":15},"end":{"line":55,"column":53}},"26":{"start":{"line":59,"column":15},"end":{"line":59,"column":66}},"27":{"start":{"line":61,"column":1},"end":{"line":61,"column":null}},"28":{"start":{"line":63,"column":1},"end":{"line":63,"column":null}},"29":{"start":{"line":64,"column":1},"end":{"line":64,"column":null}},"30":{"start":{"line":68,"column":14},"end":{"line":68,"column":52}},"31":{"start":{"line":72,"column":1},"end":{"line":72,"column":null}},"32":{"start":{"line":76,"column":32},"end":{"line":76,"column":64}},"33":{"start":{"line":79,"column":19},"end":{"line":79,"column":57}},"34":{"start":{"line":80,"column":4},"end":{"line":80,"column":24}},"35":{"start":{"line":80,"column":17},"end":{"line":80,"column":24}},"36":{"start":{"line":83,"column":23},"end":{"line":83,"column":52}},"37":{"start":{"line":84,"column":4},"end":{"line":84,"column":null}},"38":{"start":{"line":87,"column":19},"end":{"line":87,"column":51}},"39":{"start":{"line":88,"column":4},"end":{"line":88,"column":null}},"40":{"start":{"line":89,"column":4},"end":{"line":89,"column":null}},"41":{"start":{"line":92,"column":21},"end":{"line":92,"column":51}},"42":{"start":{"line":93,"column":2},"end":{"line":97,"column":null}},"43":{"start":{"line":98,"column":2},"end":{"line":98,"column":null}},"44":{"start":{"line":102,"column":4},"end":{"line":102,"column":null}},"45":{"start":{"line":103,"column":4},"end":{"line":103,"column":null}},"46":{"start":{"line":106,"column":4},"end":{"line":113,"column":null}},"47":{"start":{"line":107,"column":4},"end":{"line":107,"column":null}},"48":{"start":{"line":107,"column":26},"end":{"line":107,"column":null}},"49":{"start":{"line":109,"column":19},"end":{"line":109,"column":51}},"50":{"start":{"line":110,"column":4},"end":{"line":110,"column":null}},"51":{"start":{"line":111,"column":4},"end":{"line":111,"column":null}},"52":{"start":{"line":112,"column":4},"end":{"line":112,"column":null}},"53":{"start":{"line":116,"column":4},"end":{"line":118,"column":null}},"54":{"start":{"line":117,"column":6},"end":{"line":117,"column":null}},"55":{"start":{"line":121,"column":4},"end":{"line":125,"column":null}},"56":{"start":{"line":122,"column":4},"end":{"line":124,"column":null}},"57":{"start":{"line":128,"column":4},"end":{"line":128,"column":null}},"58":{"start":{"line":132,"column":22},"end":{"line":132,"column":71}},"59":{"start":{"line":133,"column":25},"end":{"line":133,"column":65}},"60":{"start":{"line":134,"column":22},"end":{"line":134,"column":61}},"61":{"start":{"line":135,"column":23},"end":{"line":135,"column":60}},"62":{"start":{"line":136,"column":23},"end":{"line":136,"column":60}},"63":{"start":{"line":137,"column":17},"end":{"line":137,"column":51}},"64":{"start":{"line":138,"column":16},"end":{"line":138,"column":50}},"65":{"start":{"line":139,"column":17},"end":{"line":139,"column":53}},"66":{"start":{"line":140,"column":25},"end":{"line":140,"column":60}},"67":{"start":{"line":141,"column":25},"end":{"line":141,"column":61}},"68":{"start":{"line":142,"column":25},"end":{"line":142,"column":59}},"69":{"start":{"line":143,"column":15},"end":{"line":143,"column":50}},"70":{"start":{"line":144,"column":19},"end":{"line":144,"column":55}},"71":{"start":{"line":145,"column":12},"end":{"line":145,"column":47}},"72":{"start":{"line":146,"column":13},"end":{"line":146,"column":48}},"73":{"start":{"line":147,"column":11},"end":{"line":147,"column":46}},"74":{"start":{"line":148,"column":13},"end":{"line":148,"column":47}},"75":{"start":{"line":149,"column":17},"end":{"line":149,"column":52}},"76":{"start":{"line":150,"column":13},"end":{"line":150,"column":47}},"77":{"start":{"line":151,"column":17},"end":{"line":151,"column":52}},"78":{"start":{"line":152,"column":17},"end":{"line":152,"column":53}},"79":{"start":{"line":153,"column":25},"end":{"line":153,"column":61}},"80":{"start":{"line":154,"column":17},"end":{"line":154,"column":53}},"81":{"start":{"line":155,"column":25},"end":{"line":155,"column":61}},"82":{"start":{"line":156,"column":17},"end":{"line":156,"column":53}},"83":{"start":{"line":157,"column":21},"end":{"line":157,"column":58}},"84":{"start":{"line":158,"column":27},"end":{"line":158,"column":63}},"85":{"start":{"line":159,"column":24},"end":{"line":159,"column":60}},"86":{"start":{"line":160,"column":21},"end":{"line":160,"column":57}},"87":{"start":{"line":161,"column":18},"end":{"line":161,"column":54}},"88":{"start":{"line":162,"column":18},"end":{"line":162,"column":52}},"89":{"start":{"line":163,"column":32},"end":{"line":163,"column":65}},"90":{"start":{"line":165,"column":1},"end":{"line":165,"column":null}},"91":{"start":{"line":168,"column":2},"end":{"line":168,"column":null}},"92":{"start":{"line":169,"column":2},"end":{"line":169,"column":null}},"93":{"start":{"line":170,"column":3},"end":{"line":170,"column":null}},"94":{"start":{"line":170,"column":15},"end":{"line":170,"column":null}},"95":{"start":{"line":172,"column":26},"end":{"line":172,"column":60}},"96":{"start":{"line":174,"column":5},"end":{"line":176,"column":16}},"97":{"start":{"line":178,"column":25},"end":{"line":180,"column":4}},"98":{"start":{"line":179,"column":5},"end":{"line":179,"column":null}},"99":{"start":{"line":182,"column":3},"end":{"line":182,"column":null}},"100":{"start":{"line":185,"column":1},"end":{"line":207,"column":null}},"101":{"start":{"line":186,"column":3},"end":{"line":206,"column":null}},"102":{"start":{"line":188,"column":6},"end":{"line":188,"column":74}},"103":{"start":{"line":191,"column":6},"end":{"line":191,"column":48}},"104":{"start":{"line":193,"column":20},"end":{"line":193,"column":77}},"105":{"start":{"line":195,"column":4},"end":{"line":195,"column":null}},"106":{"start":{"line":195,"column":18},"end":{"line":195,"column":null}},"107":{"start":{"line":197,"column":4},"end":{"line":199,"column":null}},"108":{"start":{"line":201,"column":4},"end":{"line":201,"column":null}},"109":{"start":{"line":203,"column":4},"end":{"line":205,"column":null}},"110":{"start":{"line":209,"column":1},"end":{"line":232,"column":null}},"111":{"start":{"line":234,"column":1},"end":{"line":234,"column":null}},"112":{"start":{"line":236,"column":30},"end":{"line":245,"column":2}},"113":{"start":{"line":247,"column":24},"end":{"line":247,"column":59}},"114":{"start":{"line":249,"column":1},"end":{"line":257,"column":null}},"115":{"start":{"line":252,"column":25},"end":{"line":252,"column":32}},"116":{"start":{"line":259,"column":1},"end":{"line":263,"column":null}},"117":{"start":{"line":265,"column":1},"end":{"line":271,"column":null}},"118":{"start":{"line":275,"column":31},"end":{"line":275,"column":119}},"119":{"start":{"line":276,"column":22},"end":{"line":276,"column":110}},"120":{"start":{"line":277,"column":31},"end":{"line":277,"column":119}},"121":{"start":{"line":279,"column":29},"end":{"line":279,"column":88}},"122":{"start":{"line":279,"column":60},"end":{"line":279,"column":87}},"123":{"start":{"line":280,"column":20},"end":{"line":280,"column":70}},"124":{"start":{"line":280,"column":42},"end":{"line":280,"column":69}},"125":{"start":{"line":281,"column":29},"end":{"line":281,"column":88}},"126":{"start":{"line":281,"column":60},"end":{"line":281,"column":87}},"127":{"start":{"line":283,"column":25},"end":{"line":283,"column":59}},"128":{"start":{"line":284,"column":34},"end":{"line":284,"column":68}},"129":{"start":{"line":287,"column":3},"end":{"line":288,"column":57}},"130":{"start":{"line":290,"column":1},"end":{"line":290,"column":null}},"131":{"start":{"line":291,"column":1},"end":{"line":291,"column":null}},"132":{"start":{"line":294,"column":3},"end":{"line":300,"column":null}},"133":{"start":{"line":295,"column":5},"end":{"line":295,"column":null}},"134":{"start":{"line":295,"column":17},"end":{"line":295,"column":null}},"135":{"start":{"line":297,"column":5},"end":{"line":297,"column":null}},"136":{"start":{"line":298,"column":5},"end":{"line":298,"column":null}},"137":{"start":{"line":299,"column":5},"end":{"line":299,"column":null}},"138":{"start":{"line":302,"column":3},"end":{"line":306,"column":null}},"139":{"start":{"line":303,"column":5},"end":{"line":303,"column":null}},"140":{"start":{"line":304,"column":5},"end":{"line":304,"column":null}},"141":{"start":{"line":305,"column":5},"end":{"line":305,"column":null}},"142":{"start":{"line":308,"column":3},"end":{"line":312,"column":null}},"143":{"start":{"line":309,"column":5},"end":{"line":309,"column":null}},"144":{"start":{"line":310,"column":5},"end":{"line":310,"column":null}},"145":{"start":{"line":311,"column":5},"end":{"line":311,"column":null}},"146":{"start":{"line":316,"column":21},"end":{"line":318,"column":5}},"147":{"start":{"line":317,"column":5},"end":{"line":317,"column":null}},"148":{"start":{"line":320,"column":3},"end":{"line":320,"column":null}},"149":{"start":{"line":324,"column":2},"end":{"line":324,"column":null}},"150":{"start":{"line":324,"column":27},"end":{"line":324,"column":null}},"151":{"start":{"line":325,"column":3},"end":{"line":329,"column":null}},"152":{"start":{"line":326,"column":5},"end":{"line":326,"column":null}},"153":{"start":{"line":327,"column":5},"end":{"line":327,"column":null}},"154":{"start":{"line":328,"column":5},"end":{"line":328,"column":null}},"155":{"start":{"line":331,"column":3},"end":{"line":335,"column":null}},"156":{"start":{"line":332,"column":5},"end":{"line":332,"column":null}},"157":{"start":{"line":333,"column":5},"end":{"line":333,"column":null}},"158":{"start":{"line":334,"column":5},"end":{"line":334,"column":null}},"159":{"start":{"line":339,"column":3},"end":{"line":357,"column":null}},"160":{"start":{"line":340,"column":5},"end":{"line":343,"column":null}},"161":{"start":{"line":341,"column":5},"end":{"line":341,"column":null}},"162":{"start":{"line":341,"column":30},"end":{"line":341,"column":null}},"163":{"start":{"line":342,"column":5},"end":{"line":342,"column":null}},"164":{"start":{"line":345,"column":5},"end":{"line":350,"column":null}},"165":{"start":{"line":346,"column":6},"end":{"line":346,"column":null}},"166":{"start":{"line":346,"column":31},"end":{"line":346,"column":null}},"167":{"start":{"line":348,"column":7},"end":{"line":348,"column":null}},"168":{"start":{"line":349,"column":7},"end":{"line":349,"column":null}},"169":{"start":{"line":352,"column":5},"end":{"line":356,"column":null}},"170":{"start":{"line":353,"column":6},"end":{"line":353,"column":null}},"171":{"start":{"line":353,"column":31},"end":{"line":353,"column":null}},"172":{"start":{"line":354,"column":7},"end":{"line":354,"column":null}},"173":{"start":{"line":355,"column":7},"end":{"line":355,"column":null}},"174":{"start":{"line":359,"column":3},"end":{"line":368,"column":null}},"175":{"start":{"line":360,"column":4},"end":{"line":367,"column":null}},"176":{"start":{"line":363,"column":8},"end":{"line":363,"column":null}},"177":{"start":{"line":363,"column":33},"end":{"line":363,"column":null}},"178":{"start":{"line":364,"column":8},"end":{"line":364,"column":null}},"179":{"start":{"line":373,"column":1},"end":{"line":375,"column":null}},"180":{"start":{"line":374,"column":3},"end":{"line":374,"column":null}},"181":{"start":{"line":378,"column":26},"end":{"line":378,"column":60}},"182":{"start":{"line":379,"column":29},"end":{"line":379,"column":63}},"183":{"start":{"line":382,"column":3},"end":{"line":382,"column":null}},"184":{"start":{"line":382,"column":50},"end":{"line":382,"column":null}},"185":{"start":{"line":384,"column":3},"end":{"line":386,"column":null}},"186":{"start":{"line":390,"column":1},"end":{"line":390,"column":null}},"187":{"start":{"line":393,"column":1},"end":{"line":396,"column":null}},"188":{"start":{"line":394,"column":3},"end":{"line":394,"column":null}},"189":{"start":{"line":395,"column":3},"end":{"line":395,"column":null}},"190":{"start":{"line":399,"column":1},"end":{"line":405,"column":null}},"191":{"start":{"line":400,"column":3},"end":{"line":404,"column":null}},"192":{"start":{"line":408,"column":3},"end":{"line":408,"column":null}},"193":{"start":{"line":408,"column":12},"end":{"line":408,"column":null}},"194":{"start":{"line":409,"column":3},"end":{"line":411,"column":null}},"195":{"start":{"line":410,"column":5},"end":{"line":410,"column":null}},"196":{"start":{"line":412,"column":3},"end":{"line":412,"column":null}},"197":{"start":{"line":416,"column":3},"end":{"line":416,"column":null}},"198":{"start":{"line":416,"column":12},"end":{"line":416,"column":null}},"199":{"start":{"line":417,"column":3},"end":{"line":419,"column":null}},"200":{"start":{"line":418,"column":5},"end":{"line":418,"column":null}},"201":{"start":{"line":420,"column":3},"end":{"line":420,"column":null}},"202":{"start":{"line":424,"column":3},"end":{"line":424,"column":null}},"203":{"start":{"line":424,"column":12},"end":{"line":424,"column":null}},"204":{"start":{"line":426,"column":20},"end":{"line":426,"column":39}},"205":{"start":{"line":427,"column":22},"end":{"line":427,"column":78}},"206":{"start":{"line":429,"column":3},"end":{"line":429,"column":null}},"207":{"start":{"line":433,"column":3},"end":{"line":433,"column":null}},"208":{"start":{"line":433,"column":12},"end":{"line":433,"column":null}},"209":{"start":{"line":435,"column":20},"end":{"line":435,"column":39}},"210":{"start":{"line":436,"column":22},"end":{"line":436,"column":78}},"211":{"start":{"line":438,"column":3},"end":{"line":438,"column":null}},"212":{"start":{"line":444,"column":3},"end":{"line":446,"column":null}},"213":{"start":{"line":449,"column":5},"end":{"line":449,"column":38}},"214":{"start":{"line":452,"column":5},"end":{"line":452,"column":39}},"215":{"start":{"line":454,"column":3},"end":{"line":460,"column":null}},"216":{"start":{"line":459,"column":5},"end":{"line":459,"column":null}},"217":{"start":{"line":463,"column":5},"end":{"line":470,"column":7}},"218":{"start":{"line":466,"column":7},"end":{"line":469,"column":null}},"219":{"start":{"line":472,"column":3},"end":{"line":474,"column":null}},"220":{"start":{"line":473,"column":5},"end":{"line":473,"column":null}},"221":{"start":{"line":476,"column":3},"end":{"line":477,"column":null}},"222":{"start":{"line":479,"column":3},"end":{"line":479,"column":null}},"223":{"start":{"line":481,"column":3},"end":{"line":484,"column":null}},"224":{"start":{"line":486,"column":3},"end":{"line":486,"column":null}},"225":{"start":{"line":490,"column":17},"end":{"line":490,"column":50}},"226":{"start":{"line":491,"column":3},"end":{"line":491,"column":null}},"227":{"start":{"line":491,"column":15},"end":{"line":491,"column":null}},"228":{"start":{"line":493,"column":39},"end":{"line":493,"column":41}},"229":{"start":{"line":495,"column":3},"end":{"line":499,"column":null}},"230":{"start":{"line":496,"column":5},"end":{"line":498,"column":null}},"231":{"start":{"line":497,"column":7},"end":{"line":497,"column":null}},"232":{"start":{"line":501,"column":3},"end":{"line":501,"column":null}},"233":{"start":{"line":503,"column":3},"end":{"line":515,"column":null}},"234":{"start":{"line":504,"column":5},"end":{"line":504,"column":null}},"235":{"start":{"line":504,"column":37},"end":{"line":504,"column":null}},"236":{"start":{"line":506,"column":5},"end":{"line":508,"column":null}},"237":{"start":{"line":507,"column":7},"end":{"line":507,"column":null}},"238":{"start":{"line":510,"column":26},"end":{"line":510,"column":53}},"239":{"start":{"line":512,"column":5},"end":{"line":514,"column":null}},"240":{"start":{"line":513,"column":7},"end":{"line":513,"column":null}},"241":{"start":{"line":519,"column":3},"end":{"line":519,"column":null}},"242":{"start":{"line":521,"column":3},"end":{"line":521,"column":null}},"243":{"start":{"line":522,"column":3},"end":{"line":530,"column":null}},"244":{"start":{"line":523,"column":4},"end":{"line":523,"column":null}},"245":{"start":{"line":524,"column":4},"end":{"line":529,"column":null}},"246":{"start":{"line":532,"column":3},"end":{"line":552,"column":null}},"247":{"start":{"line":533,"column":5},"end":{"line":551,"column":null}},"248":{"start":{"line":554,"column":3},"end":{"line":554,"column":null}},"249":{"start":{"line":555,"column":3},"end":{"line":555,"column":null}},"250":{"start":{"line":556,"column":3},"end":{"line":556,"column":null}},"251":{"start":{"line":557,"column":3},"end":{"line":557,"column":null}},"252":{"start":{"line":558,"column":3},"end":{"line":558,"column":null}},"253":{"start":{"line":559,"column":3},"end":{"line":559,"column":null}},"254":{"start":{"line":561,"column":3},"end":{"line":564,"column":null}},"255":{"start":{"line":562,"column":5},"end":{"line":562,"column":null}},"256":{"start":{"line":563,"column":5},"end":{"line":563,"column":null}},"257":{"start":{"line":566,"column":3},"end":{"line":566,"column":null}},"258":{"start":{"line":567,"column":3},"end":{"line":567,"column":null}},"259":{"start":{"line":568,"column":3},"end":{"line":568,"column":null}},"260":{"start":{"line":569,"column":3},"end":{"line":569,"column":null}},"261":{"start":{"line":570,"column":3},"end":{"line":570,"column":null}},"262":{"start":{"line":571,"column":3},"end":{"line":571,"column":null}},"263":{"start":{"line":572,"column":3},"end":{"line":572,"column":null}},"264":{"start":{"line":573,"column":3},"end":{"line":573,"column":null}},"265":{"start":{"line":574,"column":3},"end":{"line":574,"column":null}},"266":{"start":{"line":575,"column":3},"end":{"line":575,"column":null}},"267":{"start":{"line":576,"column":3},"end":{"line":576,"column":null}},"268":{"start":{"line":577,"column":3},"end":{"line":577,"column":null}},"269":{"start":{"line":578,"column":3},"end":{"line":578,"column":null}},"270":{"start":{"line":579,"column":3},"end":{"line":579,"column":null}},"271":{"start":{"line":580,"column":3},"end":{"line":580,"column":null}},"272":{"start":{"line":581,"column":3},"end":{"line":581,"column":null}},"273":{"start":{"line":582,"column":3},"end":{"line":582,"column":null}},"274":{"start":{"line":583,"column":3},"end":{"line":583,"column":null}},"275":{"start":{"line":584,"column":3},"end":{"line":584,"column":null}},"276":{"start":{"line":585,"column":3},"end":{"line":585,"column":null}},"277":{"start":{"line":587,"column":3},"end":{"line":589,"column":null}},"278":{"start":{"line":588,"column":5},"end":{"line":588,"column":null}},"279":{"start":{"line":594,"column":3},"end":{"line":594,"column":null}},"280":{"start":{"line":594,"column":32},"end":{"line":594,"column":null}},"281":{"start":{"line":596,"column":19},"end":{"line":596,"column":57}},"282":{"start":{"line":597,"column":3},"end":{"line":597,"column":null}},"283":{"start":{"line":597,"column":17},"end":{"line":597,"column":null}},"284":{"start":{"line":599,"column":18},"end":{"line":602,"column":5}},"285":{"start":{"line":600,"column":26},"end":{"line":600,"column":76}},"286":{"start":{"line":601,"column":5},"end":{"line":601,"column":null}},"287":{"start":{"line":604,"column":3},"end":{"line":607,"column":null}},"288":{"start":{"line":605,"column":5},"end":{"line":605,"column":null}},"289":{"start":{"line":606,"column":5},"end":{"line":606,"column":null}},"290":{"start":{"line":611,"column":20},"end":{"line":611,"column":54}},"291":{"start":{"line":612,"column":20},"end":{"line":612,"column":54}},"292":{"start":{"line":613,"column":22},"end":{"line":613,"column":56}},"293":{"start":{"line":615,"column":3},"end":{"line":622,"column":null}},"294":{"start":{"line":616,"column":5},"end":{"line":621,"column":null}},"295":{"start":{"line":624,"column":3},"end":{"line":631,"column":null}},"296":{"start":{"line":625,"column":5},"end":{"line":630,"column":null}},"297":{"start":{"line":633,"column":3},"end":{"line":640,"column":null}},"298":{"start":{"line":634,"column":5},"end":{"line":639,"column":null}},"299":{"start":{"line":644,"column":3},"end":{"line":644,"column":null}},"300":{"start":{"line":644,"column":42},"end":{"line":644,"column":null}},"301":{"start":{"line":646,"column":49},"end":{"line":646,"column":56}},"302":{"start":{"line":648,"column":3},"end":{"line":648,"column":null}},"303":{"start":{"line":650,"column":3},"end":{"line":650,"column":null}},"304":{"start":{"line":651,"column":3},"end":{"line":651,"column":null}},"305":{"start":{"line":653,"column":3},"end":{"line":653,"column":null}},"306":{"start":{"line":653,"column":15},"end":{"line":653,"column":null}},"307":{"start":{"line":655,"column":3},"end":{"line":657,"column":null}},"308":{"start":{"line":656,"column":5},"end":{"line":656,"column":null}},"309":{"start":{"line":659,"column":3},"end":{"line":659,"column":null}},"310":{"start":{"line":660,"column":3},"end":{"line":660,"column":null}},"311":{"start":{"line":662,"column":3},"end":{"line":688,"column":null}},"312":{"start":{"line":693,"column":28},"end":{"line":693,"column":62}},"313":{"start":{"line":695,"column":32},"end":{"line":695,"column":54}},"314":{"start":{"line":696,"column":26},"end":{"line":696,"column":42}},"315":{"start":{"line":698,"column":1},"end":{"line":702,"column":null}},"316":{"start":{"line":699,"column":32},"end":{"line":699,"column":null}},"317":{"start":{"line":700,"column":2},"end":{"line":700,"column":null}}},"fnMap":{"0":{"name":"normalizeTranslationMap","decl":{"start":{"line":15,"column":9},"end":{"line":15,"column":32}},"loc":{"start":{"line":15,"column":38},"end":{"line":19,"column":null}},"line":15},"1":{"name":"(anonymous_1)","decl":{"start":{"line":17,"column":28},"end":{"line":17,"column":29}},"loc":{"start":{"line":17,"column":46},"end":{"line":17,"column":72}},"line":17},"2":{"name":"getTranslation","decl":{"start":{"line":23,"column":9},"end":{"line":23,"column":23}},"loc":{"start":{"line":23,"column":59},"end":{"line":36,"column":null}},"line":23},"3":{"name":"(anonymous_3)","decl":{"start":{"line":38,"column":32},"end":{"line":38,"column":40}},"loc":{"start":{"line":38,"column":43},"end":{"line":703,"column":1}},"line":38},"4":{"name":"getParam","decl":{"start":{"line":44,"column":10},"end":{"line":44,"column":18}},"loc":{"start":{"line":44,"column":30},"end":{"line":51,"column":null}},"line":44},"5":{"name":"(anonymous_5)","decl":{"start":{"line":106,"column":44},"end":{"line":106,"column":45}},"loc":{"start":{"line":106,"column":61},"end":{"line":113,"column":3}},"line":106},"6":{"name":"(anonymous_6)","decl":{"start":{"line":121,"column":38},"end":{"line":121,"column":46}},"loc":{"start":{"line":121,"column":50},"end":{"line":125,"column":3}},"line":121},"7":{"name":"getPreferredLanguageCodeFromField","decl":{"start":{"line":167,"column":10},"end":{"line":167,"column":43}},"loc":{"start":{"line":167,"column":51},"end":{"line":183,"column":null}},"line":167},"8":{"name":"(anonymous_8)","decl":{"start":{"line":178,"column":61},"end":{"line":178,"column":64}},"loc":{"start":{"line":179,"column":5},"end":{"line":179,"column":null}},"line":179},"9":{"name":"(anonymous_9)","decl":{"start":{"line":186,"column":53},"end":{"line":186,"column":61}},"loc":{"start":{"line":186,"column":65},"end":{"line":206,"column":3}},"line":186},"10":{"name":"(anonymous_10)","decl":{"start":{"line":252,"column":19},"end":{"line":252,"column":20}},"loc":{"start":{"line":252,"column":25},"end":{"line":252,"column":32}},"line":252},"11":{"name":"(anonymous_11)","decl":{"start":{"line":279,"column":54},"end":{"line":279,"column":56}},"loc":{"start":{"line":279,"column":60},"end":{"line":279,"column":87}},"line":279},"12":{"name":"(anonymous_12)","decl":{"start":{"line":280,"column":36},"end":{"line":280,"column":38}},"loc":{"start":{"line":280,"column":42},"end":{"line":280,"column":69}},"line":280},"13":{"name":"(anonymous_13)","decl":{"start":{"line":281,"column":54},"end":{"line":281,"column":56}},"loc":{"start":{"line":281,"column":60},"end":{"line":281,"column":87}},"line":281},"14":{"name":"clearAllEmployerAccountFields","decl":{"start":{"line":293,"column":11},"end":{"line":293,"column":40}},"loc":{"start":{"line":293,"column":43},"end":{"line":313,"column":null}},"line":293},"15":{"name":"(anonymous_15)","decl":{"start":{"line":294,"column":49},"end":{"line":294,"column":54}},"loc":{"start":{"line":294,"column":58},"end":{"line":300,"column":4}},"line":294},"16":{"name":"getFirstPopulatedValue","decl":{"start":{"line":315,"column":10},"end":{"line":315,"column":32}},"loc":{"start":{"line":315,"column":41},"end":{"line":321,"column":null}},"line":315},"17":{"name":"(anonymous_17)","decl":{"start":{"line":316,"column":33},"end":{"line":316,"column":38}},"loc":{"start":{"line":316,"column":42},"end":{"line":318,"column":4}},"line":316},"18":{"name":"updateEmployerAccountCalcFields","decl":{"start":{"line":323,"column":10},"end":{"line":323,"column":41}},"loc":{"start":{"line":323,"column":44},"end":{"line":336,"column":null}},"line":323},"19":{"name":"initEmployerAccountFieldSync","decl":{"start":{"line":338,"column":10},"end":{"line":338,"column":38}},"loc":{"start":{"line":338,"column":41},"end":{"line":369,"column":null}},"line":338},"20":{"name":"(anonymous_20)","decl":{"start":{"line":339,"column":30},"end":{"line":339,"column":35}},"loc":{"start":{"line":339,"column":39},"end":{"line":357,"column":4}},"line":339},"21":{"name":"(anonymous_21)","decl":{"start":{"line":340,"column":37},"end":{"line":340,"column":45}},"loc":{"start":{"line":340,"column":49},"end":{"line":343,"column":4}},"line":340},"22":{"name":"(anonymous_22)","decl":{"start":{"line":345,"column":38},"end":{"line":345,"column":46}},"loc":{"start":{"line":345,"column":50},"end":{"line":350,"column":6}},"line":345},"23":{"name":"(anonymous_23)","decl":{"start":{"line":352,"column":48},"end":{"line":352,"column":56}},"loc":{"start":{"line":352,"column":60},"end":{"line":356,"column":6}},"line":352},"24":{"name":"(anonymous_24)","decl":{"start":{"line":362,"column":6},"end":{"line":362,"column":14}},"loc":{"start":{"line":362,"column":18},"end":{"line":365,"column":7}},"line":362},"25":{"name":"updateEncodedEmployerName","decl":{"start":{"line":381,"column":10},"end":{"line":381,"column":35}},"loc":{"start":{"line":381,"column":38},"end":{"line":387,"column":null}},"line":381},"26":{"name":"getOriginalText","decl":{"start":{"line":407,"column":11},"end":{"line":407,"column":26}},"loc":{"start":{"line":407,"column":31},"end":{"line":413,"column":null}},"line":407},"27":{"name":"getOriginalHTML","decl":{"start":{"line":415,"column":10},"end":{"line":415,"column":25}},"loc":{"start":{"line":415,"column":30},"end":{"line":421,"column":null}},"line":415},"28":{"name":"setText","decl":{"start":{"line":423,"column":10},"end":{"line":423,"column":17}},"loc":{"start":{"line":423,"column":27},"end":{"line":430,"column":null}},"line":423},"29":{"name":"setHTML","decl":{"start":{"line":432,"column":10},"end":{"line":432,"column":17}},"loc":{"start":{"line":432,"column":27},"end":{"line":439,"column":null}},"line":432},"30":{"name":"setPreferredLanguageValue","decl":{"start":{"line":441,"column":10},"end":{"line":441,"column":35}},"loc":{"start":{"line":443,"column":3},"end":{"line":487,"column":null}},"line":443},"31":{"name":"(anonymous_31)","decl":{"start":{"line":465,"column":12},"end":{"line":465,"column":15}},"loc":{"start":{"line":465,"column":19},"end":{"line":470,"column":6}},"line":465},"32":{"name":"normalizePreferredLanguagePicklist","decl":{"start":{"line":489,"column":10},"end":{"line":489,"column":44}},"loc":{"start":{"line":489,"column":47},"end":{"line":516,"column":null}},"line":489},"33":{"name":"(anonymous_33)","decl":{"start":{"line":495,"column":42},"end":{"line":495,"column":45}},"loc":{"start":{"line":495,"column":49},"end":{"line":499,"column":4}},"line":495},"34":{"name":"(anonymous_34)","decl":{"start":{"line":496,"column":33},"end":{"line":496,"column":38}},"loc":{"start":{"line":496,"column":42},"end":{"line":498,"column":6}},"line":496},"35":{"name":"(anonymous_35)","decl":{"start":{"line":503,"column":37},"end":{"line":503,"column":43}},"loc":{"start":{"line":503,"column":47},"end":{"line":515,"column":4}},"line":503},"36":{"name":"applyTranslations","decl":{"start":{"line":518,"column":10},"end":{"line":518,"column":27}},"loc":{"start":{"line":518,"column":30},"end":{"line":591,"column":null}},"line":518},"37":{"name":"setPreferredLanguageFieldFromLang","decl":{"start":{"line":593,"column":10},"end":{"line":593,"column":43}},"loc":{"start":{"line":593,"column":50},"end":{"line":608,"column":null}},"line":593},"38":{"name":"(anonymous_38)","decl":{"start":{"line":599,"column":66},"end":{"line":599,"column":69}},"loc":{"start":{"line":599,"column":73},"end":{"line":602,"column":4}},"line":599},"39":{"name":"updateDatePlaceholders","decl":{"start":{"line":610,"column":10},"end":{"line":610,"column":32}},"loc":{"start":{"line":610,"column":35},"end":{"line":641,"column":null}},"line":610},"40":{"name":"switchLanguage","decl":{"start":{"line":643,"column":10},"end":{"line":643,"column":24}},"loc":{"start":{"line":643,"column":48},"end":{"line":689,"column":null}},"line":643},"41":{"name":"(anonymous_41)","decl":{"start":{"line":698,"column":45},"end":{"line":698,"column":53}},"loc":{"start":{"line":698,"column":56},"end":{"line":702,"column":2}},"line":698}},"branchMap":{"0":{"loc":{"start":{"line":23,"column":40},"end":{"line":23,"column":57}},"type":"default-arg","locations":[{"start":{"line":23,"column":55},"end":{"line":23,"column":57}}],"line":23},"1":{"loc":{"start":{"line":24,"column":2},"end":{"line":24,"column":null}},"type":"if","locations":[{"start":{"line":24,"column":2},"end":{"line":24,"column":null}},{"start":{},"end":{}}],"line":24},"2":{"loc":{"start":{"line":24,"column":6},"end":{"line":24,"column":18}},"type":"binary-expr","locations":[{"start":{"line":24,"column":6},"end":{"line":24,"column":10}},{"start":{"line":24,"column":14},"end":{"line":24,"column":18}}],"line":24},"3":{"loc":{"start":{"line":27,"column":2},"end":{"line":27,"column":null}},"type":"if","locations":[{"start":{"line":27,"column":2},"end":{"line":27,"column":null}},{"start":{},"end":{}}],"line":27},"4":{"loc":{"start":{"line":30,"column":2},"end":{"line":30,"column":null}},"type":"if","locations":[{"start":{"line":30,"column":2},"end":{"line":30,"column":null}},{"start":{},"end":{}}],"line":30},"5":{"loc":{"start":{"line":30,"column":6},"end":{"line":30,"column":47}},"type":"binary-expr","locations":[{"start":{"line":30,"column":6},"end":{"line":30,"column":31}},{"start":{"line":30,"column":35},"end":{"line":30,"column":47}}],"line":30},"6":{"loc":{"start":{"line":33,"column":2},"end":{"line":33,"column":null}},"type":"if","locations":[{"start":{"line":33,"column":2},"end":{"line":33,"column":null}},{"start":{},"end":{}}],"line":33},"7":{"loc":{"start":{"line":33,"column":6},"end":{"line":33,"column":51}},"type":"binary-expr","locations":[{"start":{"line":33,"column":6},"end":{"line":33,"column":33}},{"start":{"line":33,"column":37},"end":{"line":33,"column":51}}],"line":33},"8":{"loc":{"start":{"line":48,"column":3},"end":{"line":48,"column":null}},"type":"if","locations":[{"start":{"line":48,"column":3},"end":{"line":48,"column":null}},{"start":{},"end":{}}],"line":48},"9":{"loc":{"start":{"line":49,"column":3},"end":{"line":49,"column":null}},"type":"if","locations":[{"start":{"line":49,"column":3},"end":{"line":49,"column":null}},{"start":{},"end":{}}],"line":49},"10":{"loc":{"start":{"line":59,"column":16},"end":{"line":59,"column":51}},"type":"binary-expr","locations":[{"start":{"line":59,"column":16},"end":{"line":59,"column":21}},{"start":{"line":59,"column":25},"end":{"line":59,"column":43}},{"start":{"line":59,"column":47},"end":{"line":59,"column":51}}],"line":59},"11":{"loc":{"start":{"line":80,"column":4},"end":{"line":80,"column":24}},"type":"if","locations":[{"start":{"line":80,"column":4},"end":{"line":80,"column":24}},{"start":{},"end":{}}],"line":80},"12":{"loc":{"start":{"line":107,"column":4},"end":{"line":107,"column":null}},"type":"if","locations":[{"start":{"line":107,"column":4},"end":{"line":107,"column":null}},{"start":{},"end":{}}],"line":107},"13":{"loc":{"start":{"line":116,"column":4},"end":{"line":118,"column":null}},"type":"if","locations":[{"start":{"line":116,"column":4},"end":{"line":118,"column":null}},{"start":{},"end":{}}],"line":116},"14":{"loc":{"start":{"line":170,"column":3},"end":{"line":170,"column":null}},"type":"if","locations":[{"start":{"line":170,"column":3},"end":{"line":170,"column":null}},{"start":{},"end":{}}],"line":170},"15":{"loc":{"start":{"line":174,"column":5},"end":{"line":176,"column":16}},"type":"binary-expr","locations":[{"start":{"line":174,"column":5},"end":{"line":174,"column":41}},{"start":{"line":175,"column":5},"end":{"line":175,"column":40}},{"start":{"line":176,"column":5},"end":{"line":176,"column":16}}],"line":174},"16":{"loc":{"start":{"line":182,"column":10},"end":{"line":182,"column":43}},"type":"binary-expr","locations":[{"start":{"line":182,"column":10},"end":{"line":182,"column":35}},{"start":{"line":182,"column":39},"end":{"line":182,"column":43}}],"line":182},"17":{"loc":{"start":{"line":185,"column":1},"end":{"line":207,"column":null}},"type":"if","locations":[{"start":{"line":185,"column":1},"end":{"line":207,"column":null}},{"start":{},"end":{}}],"line":185},"18":{"loc":{"start":{"line":191,"column":6},"end":{"line":191,"column":48}},"type":"binary-expr","locations":[{"start":{"line":191,"column":6},"end":{"line":191,"column":42}},{"start":{"line":191,"column":46},"end":{"line":191,"column":48}}],"line":191},"19":{"loc":{"start":{"line":195,"column":4},"end":{"line":195,"column":null}},"type":"if","locations":[{"start":{"line":195,"column":4},"end":{"line":195,"column":null}},{"start":{},"end":{}}],"line":195},"20":{"loc":{"start":{"line":287,"column":3},"end":{"line":288,"column":57}},"type":"binary-expr","locations":[{"start":{"line":287,"column":3},"end":{"line":287,"column":59}},{"start":{"line":288,"column":3},"end":{"line":288,"column":57}}],"line":287},"21":{"loc":{"start":{"line":291,"column":31},"end":{"line":291,"column":95}},"type":"cond-expr","locations":[{"start":{"line":291,"column":57},"end":{"line":291,"column":86}},{"start":{"line":291,"column":89},"end":{"line":291,"column":95}}],"line":291},"22":{"loc":{"start":{"line":295,"column":5},"end":{"line":295,"column":null}},"type":"if","locations":[{"start":{"line":295,"column":5},"end":{"line":295,"column":null}},{"start":{},"end":{}}],"line":295},"23":{"loc":{"start":{"line":302,"column":3},"end":{"line":306,"column":null}},"type":"if","locations":[{"start":{"line":302,"column":3},"end":{"line":306,"column":null}},{"start":{},"end":{}}],"line":302},"24":{"loc":{"start":{"line":308,"column":3},"end":{"line":312,"column":null}},"type":"if","locations":[{"start":{"line":308,"column":3},"end":{"line":312,"column":null}},{"start":{},"end":{}}],"line":308},"25":{"loc":{"start":{"line":317,"column":12},"end":{"line":317,"column":61}},"type":"binary-expr","locations":[{"start":{"line":317,"column":12},"end":{"line":317,"column":17}},{"start":{"line":317,"column":21},"end":{"line":317,"column":32}},{"start":{"line":317,"column":36},"end":{"line":317,"column":61}}],"line":317},"26":{"loc":{"start":{"line":320,"column":10},"end":{"line":320,"column":49}},"type":"cond-expr","locations":[{"start":{"line":320,"column":22},"end":{"line":320,"column":44}},{"start":{"line":320,"column":47},"end":{"line":320,"column":49}}],"line":320},"27":{"loc":{"start":{"line":324,"column":2},"end":{"line":324,"column":null}},"type":"if","locations":[{"start":{"line":324,"column":2},"end":{"line":324,"column":null}},{"start":{},"end":{}}],"line":324},"28":{"loc":{"start":{"line":325,"column":3},"end":{"line":329,"column":null}},"type":"if","locations":[{"start":{"line":325,"column":3},"end":{"line":329,"column":null}},{"start":{},"end":{}}],"line":325},"29":{"loc":{"start":{"line":331,"column":3},"end":{"line":335,"column":null}},"type":"if","locations":[{"start":{"line":331,"column":3},"end":{"line":335,"column":null}},{"start":{},"end":{}}],"line":331},"30":{"loc":{"start":{"line":341,"column":5},"end":{"line":341,"column":null}},"type":"if","locations":[{"start":{"line":341,"column":5},"end":{"line":341,"column":null}},{"start":{},"end":{}}],"line":341},"31":{"loc":{"start":{"line":346,"column":6},"end":{"line":346,"column":null}},"type":"if","locations":[{"start":{"line":346,"column":6},"end":{"line":346,"column":null}},{"start":{},"end":{}}],"line":346},"32":{"loc":{"start":{"line":353,"column":6},"end":{"line":353,"column":null}},"type":"if","locations":[{"start":{"line":353,"column":6},"end":{"line":353,"column":null}},{"start":{},"end":{}}],"line":353},"33":{"loc":{"start":{"line":359,"column":3},"end":{"line":368,"column":null}},"type":"if","locations":[{"start":{"line":359,"column":3},"end":{"line":368,"column":null}},{"start":{},"end":{}}],"line":359},"34":{"loc":{"start":{"line":363,"column":8},"end":{"line":363,"column":null}},"type":"if","locations":[{"start":{"line":363,"column":8},"end":{"line":363,"column":null}},{"start":{},"end":{}}],"line":363},"35":{"loc":{"start":{"line":373,"column":1},"end":{"line":375,"column":null}},"type":"if","locations":[{"start":{"line":373,"column":1},"end":{"line":375,"column":null}},{"start":{},"end":{}}],"line":373},"36":{"loc":{"start":{"line":382,"column":3},"end":{"line":382,"column":null}},"type":"if","locations":[{"start":{"line":382,"column":3},"end":{"line":382,"column":null}},{"start":{},"end":{}}],"line":382},"37":{"loc":{"start":{"line":382,"column":7},"end":{"line":382,"column":48}},"type":"binary-expr","locations":[{"start":{"line":382,"column":7},"end":{"line":382,"column":24}},{"start":{"line":382,"column":28},"end":{"line":382,"column":48}}],"line":382},"38":{"loc":{"start":{"line":393,"column":1},"end":{"line":396,"column":null}},"type":"if","locations":[{"start":{"line":393,"column":1},"end":{"line":396,"column":null}},{"start":{},"end":{}}],"line":393},"39":{"loc":{"start":{"line":399,"column":1},"end":{"line":405,"column":null}},"type":"if","locations":[{"start":{"line":399,"column":1},"end":{"line":405,"column":null}},{"start":{},"end":{}}],"line":399},"40":{"loc":{"start":{"line":408,"column":3},"end":{"line":408,"column":null}},"type":"if","locations":[{"start":{"line":408,"column":3},"end":{"line":408,"column":null}},{"start":{},"end":{}}],"line":408},"41":{"loc":{"start":{"line":409,"column":3},"end":{"line":411,"column":null}},"type":"if","locations":[{"start":{"line":409,"column":3},"end":{"line":411,"column":null}},{"start":{},"end":{}}],"line":409},"42":{"loc":{"start":{"line":410,"column":31},"end":{"line":410,"column":51}},"type":"binary-expr","locations":[{"start":{"line":410,"column":31},"end":{"line":410,"column":45}},{"start":{"line":410,"column":49},"end":{"line":410,"column":51}}],"line":410},"43":{"loc":{"start":{"line":416,"column":3},"end":{"line":416,"column":null}},"type":"if","locations":[{"start":{"line":416,"column":3},"end":{"line":416,"column":null}},{"start":{},"end":{}}],"line":416},"44":{"loc":{"start":{"line":417,"column":3},"end":{"line":419,"column":null}},"type":"if","locations":[{"start":{"line":417,"column":3},"end":{"line":419,"column":null}},{"start":{},"end":{}}],"line":417},"45":{"loc":{"start":{"line":418,"column":31},"end":{"line":418,"column":49}},"type":"binary-expr","locations":[{"start":{"line":418,"column":31},"end":{"line":418,"column":43}},{"start":{"line":418,"column":47},"end":{"line":418,"column":49}}],"line":418},"46":{"loc":{"start":{"line":424,"column":3},"end":{"line":424,"column":null}},"type":"if","locations":[{"start":{"line":424,"column":3},"end":{"line":424,"column":null}},{"start":{},"end":{}}],"line":424},"47":{"loc":{"start":{"line":433,"column":3},"end":{"line":433,"column":null}},"type":"if","locations":[{"start":{"line":433,"column":3},"end":{"line":433,"column":null}},{"start":{},"end":{}}],"line":433},"48":{"loc":{"start":{"line":454,"column":3},"end":{"line":460,"column":null}},"type":"if","locations":[{"start":{"line":454,"column":3},"end":{"line":460,"column":null}},{"start":{},"end":{}}],"line":454},"49":{"loc":{"start":{"line":455,"column":5},"end":{"line":457,"column":null}},"type":"binary-expr","locations":[{"start":{"line":455,"column":5},"end":{"line":455,"column":15}},{"start":{"line":456,"column":5},"end":{"line":456,"column":15}},{"start":{"line":457,"column":5},"end":{"line":457,"column":null}}],"line":455},"50":{"loc":{"start":{"line":472,"column":3},"end":{"line":474,"column":null}},"type":"if","locations":[{"start":{"line":472,"column":3},"end":{"line":474,"column":null}},{"start":{},"end":{}}],"line":472},"51":{"loc":{"start":{"line":491,"column":3},"end":{"line":491,"column":null}},"type":"if","locations":[{"start":{"line":491,"column":3},"end":{"line":491,"column":null}},{"start":{},"end":{}}],"line":491},"52":{"loc":{"start":{"line":504,"column":5},"end":{"line":504,"column":null}},"type":"if","locations":[{"start":{"line":504,"column":5},"end":{"line":504,"column":null}},{"start":{},"end":{}}],"line":504},"53":{"loc":{"start":{"line":506,"column":5},"end":{"line":508,"column":null}},"type":"if","locations":[{"start":{"line":506,"column":5},"end":{"line":508,"column":null}},{"start":{},"end":{}}],"line":506},"54":{"loc":{"start":{"line":512,"column":5},"end":{"line":514,"column":null}},"type":"if","locations":[{"start":{"line":512,"column":5},"end":{"line":514,"column":null}},{"start":{},"end":{}}],"line":512},"55":{"loc":{"start":{"line":522,"column":3},"end":{"line":530,"column":null}},"type":"if","locations":[{"start":{"line":522,"column":3},"end":{"line":530,"column":null}},{"start":{},"end":{}}],"line":522},"56":{"loc":{"start":{"line":523,"column":48},"end":{"line":523,"column":77}},"type":"binary-expr","locations":[{"start":{"line":523,"column":48},"end":{"line":523,"column":71}},{"start":{"line":523,"column":75},"end":{"line":523,"column":77}}],"line":523},"57":{"loc":{"start":{"line":532,"column":3},"end":{"line":552,"column":null}},"type":"if","locations":[{"start":{"line":532,"column":3},"end":{"line":552,"column":null}},{"start":{},"end":{}}],"line":532},"58":{"loc":{"start":{"line":561,"column":3},"end":{"line":564,"column":null}},"type":"if","locations":[{"start":{"line":561,"column":3},"end":{"line":564,"column":null}},{"start":{},"end":{}}],"line":561},"59":{"loc":{"start":{"line":587,"column":3},"end":{"line":589,"column":null}},"type":"if","locations":[{"start":{"line":587,"column":3},"end":{"line":589,"column":null}},{"start":{},"end":{}}],"line":587},"60":{"loc":{"start":{"line":587,"column":7},"end":{"line":587,"column":51}},"type":"binary-expr","locations":[{"start":{"line":587,"column":7},"end":{"line":587,"column":17}},{"start":{"line":587,"column":21},"end":{"line":587,"column":37}},{"start":{"line":587,"column":41},"end":{"line":587,"column":51}}],"line":587},"61":{"loc":{"start":{"line":594,"column":3},"end":{"line":594,"column":null}},"type":"if","locations":[{"start":{"line":594,"column":3},"end":{"line":594,"column":null}},{"start":{},"end":{}}],"line":594},"62":{"loc":{"start":{"line":597,"column":3},"end":{"line":597,"column":null}},"type":"if","locations":[{"start":{"line":597,"column":3},"end":{"line":597,"column":null}},{"start":{},"end":{}}],"line":597},"63":{"loc":{"start":{"line":600,"column":26},"end":{"line":600,"column":76}},"type":"binary-expr","locations":[{"start":{"line":600,"column":26},"end":{"line":600,"column":50}},{"start":{"line":600,"column":54},"end":{"line":600,"column":76}}],"line":600},"64":{"loc":{"start":{"line":604,"column":3},"end":{"line":607,"column":null}},"type":"if","locations":[{"start":{"line":604,"column":3},"end":{"line":607,"column":null}},{"start":{},"end":{}}],"line":604},"65":{"loc":{"start":{"line":615,"column":3},"end":{"line":622,"column":null}},"type":"if","locations":[{"start":{"line":615,"column":3},"end":{"line":622,"column":null}},{"start":{},"end":{}}],"line":615},"66":{"loc":{"start":{"line":624,"column":3},"end":{"line":631,"column":null}},"type":"if","locations":[{"start":{"line":624,"column":3},"end":{"line":631,"column":null}},{"start":{},"end":{}}],"line":624},"67":{"loc":{"start":{"line":633,"column":3},"end":{"line":640,"column":null}},"type":"if","locations":[{"start":{"line":633,"column":3},"end":{"line":640,"column":null}},{"start":{},"end":{}}],"line":633},"68":{"loc":{"start":{"line":643,"column":34},"end":{"line":643,"column":46}},"type":"default-arg","locations":[{"start":{"line":643,"column":44},"end":{"line":643,"column":46}}],"line":643},"69":{"loc":{"start":{"line":644,"column":3},"end":{"line":644,"column":null}},"type":"if","locations":[{"start":{"line":644,"column":3},"end":{"line":644,"column":null}},{"start":{},"end":{}}],"line":644},"70":{"loc":{"start":{"line":646,"column":11},"end":{"line":646,"column":44}},"type":"default-arg","locations":[{"start":{"line":646,"column":40},"end":{"line":646,"column":44}}],"line":646},"71":{"loc":{"start":{"line":653,"column":3},"end":{"line":653,"column":null}},"type":"if","locations":[{"start":{"line":653,"column":3},"end":{"line":653,"column":null}},{"start":{},"end":{}}],"line":653},"72":{"loc":{"start":{"line":655,"column":3},"end":{"line":657,"column":null}},"type":"if","locations":[{"start":{"line":655,"column":3},"end":{"line":657,"column":null}},{"start":{},"end":{}}],"line":655}},"s":{"0":35,"1":1119,"2":35,"3":22848,"4":0,"5":22848,"6":22848,"7":18,"8":22830,"9":22848,"10":21801,"11":1029,"12":22848,"13":1012,"14":17,"15":35,"16":630,"17":1260,"18":1260,"19":1260,"20":1260,"21":948,"22":312,"23":17,"24":295,"25":630,"26":630,"27":630,"28":630,"29":630,"30":630,"31":630,"32":630,"33":630,"34":630,"35":3,"36":627,"37":627,"38":627,"39":627,"40":627,"41":627,"42":627,"43":627,"44":627,"45":627,"46":627,"47":1918,"48":18,"49":1900,"50":1900,"51":1900,"52":1900,"53":627,"54":627,"55":627,"56":6,"57":627,"58":627,"59":627,"60":627,"61":627,"62":627,"63":627,"64":627,"65":627,"66":627,"67":627,"68":627,"69":627,"70":627,"71":627,"72":627,"73":627,"74":627,"75":627,"76":627,"77":627,"78":627,"79":627,"80":627,"81":627,"82":627,"83":627,"84":627,"85":627,"86":627,"87":627,"88":627,"89":627,"90":627,"91":121,"92":121,"93":121,"94":0,"95":121,"96":121,"97":121,"98":257,"99":121,"100":627,"101":602,"102":61,"103":61,"104":61,"105":61,"106":0,"107":61,"108":61,"109":61,"110":627,"111":627,"112":627,"113":627,"114":627,"115":0,"116":627,"117":627,"118":627,"119":627,"120":627,"121":627,"122":5016,"123":627,"124":5016,"125":627,"126":5016,"127":627,"128":627,"129":627,"130":630,"131":630,"132":39,"133":624,"134":60,"135":564,"136":564,"137":564,"138":39,"139":9,"140":9,"141":9,"142":39,"143":9,"144":9,"145":9,"146":300,"147":1234,"148":300,"149":150,"150":0,"151":150,"152":150,"153":150,"154":150,"155":150,"156":150,"157":150,"158":150,"159":588,"160":4704,"161":39,"162":0,"163":39,"164":4704,"165":10,"166":0,"167":10,"168":10,"169":4704,"170":33,"171":0,"172":33,"173":33,"174":588,"175":588,"176":74,"177":0,"178":74,"179":630,"180":588,"181":627,"182":627,"183":763,"184":68,"185":695,"186":627,"187":627,"188":627,"189":627,"190":627,"191":627,"192":17850,"193":0,"194":17850,"195":943,"196":17850,"197":693,"198":0,"199":693,"200":34,"201":693,"202":18018,"203":168,"204":17850,"205":17850,"206":17850,"207":693,"208":0,"209":693,"210":693,"211":693,"212":61,"213":61,"214":61,"215":61,"216":1,"217":60,"218":110,"219":60,"220":0,"221":60,"222":60,"223":60,"224":60,"225":688,"226":688,"227":25,"228":663,"229":663,"230":2026,"231":2689,"232":663,"233":663,"234":3315,"235":0,"236":3315,"237":166,"238":3315,"239":3315,"240":2624,"241":693,"242":693,"243":693,"244":669,"245":669,"246":693,"247":669,"248":693,"249":693,"250":693,"251":693,"252":693,"253":693,"254":693,"255":669,"256":669,"257":693,"258":693,"259":693,"260":693,"261":693,"262":693,"263":693,"264":693,"265":693,"266":693,"267":693,"268":693,"269":693,"270":693,"271":693,"272":693,"273":693,"274":693,"275":693,"276":693,"277":693,"278":693,"279":5,"280":1,"281":4,"282":5,"283":0,"284":4,"285":14,"286":14,"287":4,"288":3,"289":3,"290":66,"291":66,"292":66,"293":66,"294":65,"295":66,"296":65,"297":66,"298":65,"299":67,"300":1,"301":66,"302":66,"303":66,"304":66,"305":67,"306":66,"307":66,"308":5,"309":66,"310":66,"311":66,"312":627,"313":627,"314":627,"315":627,"316":15,"317":15},"f":{"0":35,"1":1119,"2":22848,"3":630,"4":1260,"5":1918,"6":6,"7":121,"8":257,"9":61,"10":0,"11":5016,"12":5016,"13":5016,"14":39,"15":624,"16":300,"17":1234,"18":150,"19":588,"20":4704,"21":39,"22":10,"23":33,"24":74,"25":763,"26":17850,"27":693,"28":18018,"29":693,"30":61,"31":110,"32":688,"33":2026,"34":2689,"35":3315,"36":693,"37":5,"38":14,"39":66,"40":67,"41":15},"b":{"0":[22848],"1":[0,22848],"2":[22848,22848],"3":[18,22830],"4":[21801,1047],"5":[22848,21817],"6":[1012,21836],"7":[22848,1029],"8":[948,312],"9":[17,295],"10":[630,336,0],"11":[3,627],"12":[18,1900],"13":[627,0],"14":[0,121],"15":[121,1,0],"16":[121,52],"17":[602,25],"18":[61,1],"19":[0,61],"20":[627,601],"21":[597,30],"22":[60,564],"23":[9,30],"24":[9,30],"25":[1234,1234,238],"26":[238,62],"27":[0,150],"28":[150,0],"29":[150,0],"30":[0,39],"31":[0,10],"32":[0,33],"33":[588,0],"34":[0,74],"35":[588,42],"36":[68,695],"37":[763,763],"38":[627,0],"39":[627,0],"40":[0,17850],"41":[943,16907],"42":[943,68],"43":[0,693],"44":[34,659],"45":[34,0],"46":[168,17850],"47":[0,693],"48":[1,60],"49":[61,61,61],"50":[0,60],"51":[25,663],"52":[0,3315],"53":[166,3149],"54":[2624,691],"55":[669,24],"56":[669,0],"57":[669,24],"58":[669,24],"59":[693,0],"60":[693,693,693],"61":[1,4],"62":[0,5],"63":[14,0],"64":[3,1],"65":[65,1],"66":[65,1],"67":[65,1],"68":[67],"69":[1,66],"70":[66],"71":[66,1],"72":[5,61]},"meta":{"lastBranch":73,"lastFunction":42,"lastStatement":318,"seen":{"f:15:9:15:32":0,"s:16:2:18:Infinity":0,"f:17:28:17:29":1,"s:17:46:17:72":1,"s:21:25:21:62":2,"f:23:9:23:23":2,"b:23:55:23:57":0,"b:24:2:24:Infinity:undefined:undefined:undefined:undefined":1,"s:24:2:24:Infinity":3,"b:24:6:24:10:24:14:24:18":2,"s:24:20:24:Infinity":4,"s:26:16:26:38":5,"b:27:2:27:Infinity:undefined:undefined:undefined:undefined":3,"s:27:2:27:Infinity":6,"s:27:14:27:Infinity":7,"s:29:16:29:29":8,"b:30:2:30:Infinity:undefined:undefined:undefined:undefined":4,"s:30:2:30:Infinity":9,"b:30:6:30:31:30:35:30:47":5,"s:30:49:30:Infinity":10,"s:32:18:32:27":11,"b:33:2:33:Infinity:undefined:undefined:undefined:undefined":6,"s:33:2:33:Infinity":12,"b:33:6:33:33:33:37:33:51":7,"s:33:53:33:Infinity":13,"s:35:2:35:Infinity":14,"s:38:0:703:Infinity":15,"f:38:32:38:40":3,"s:40:16:40:46":16,"f:44:10:44:18":4,"s:45:3:45:Infinity":17,"s:46:17:46:64":18,"s:47:19:47:34":19,"b:48:3:48:Infinity:undefined:undefined:undefined:undefined":8,"s:48:3:48:Infinity":20,"s:48:17:48:Infinity":21,"b:49:3:49:Infinity:undefined:undefined:undefined:undefined":9,"s:49:3:49:Infinity":22,"s:49:20:49:Infinity":23,"s:50:3:50:Infinity":24,"s:55:15:55:53":25,"s:59:15:59:66":26,"b:59:16:59:21:59:25:59:43:59:47:59:51":10,"s:61:1:61:Infinity":27,"s:63:1:63:Infinity":28,"s:64:1:64:Infinity":29,"s:68:14:68:52":30,"s:72:1:72:Infinity":31,"s:76:32:76:64":32,"s:79:19:79:57":33,"b:80:4:80:24:undefined:undefined:undefined:undefined":11,"s:80:4:80:24":34,"s:80:17:80:24":35,"s:83:23:83:52":36,"s:84:4:84:Infinity":37,"s:87:19:87:51":38,"s:88:4:88:Infinity":39,"s:89:4:89:Infinity":40,"s:92:21:92:51":41,"s:93:2:97:Infinity":42,"s:98:2:98:Infinity":43,"s:102:4:102:Infinity":44,"s:103:4:103:Infinity":45,"s:106:4:113:Infinity":46,"f:106:44:106:45":5,"b:107:4:107:Infinity:undefined:undefined:undefined:undefined":12,"s:107:4:107:Infinity":47,"s:107:26:107:Infinity":48,"s:109:19:109:51":49,"s:110:4:110:Infinity":50,"s:111:4:111:Infinity":51,"s:112:4:112:Infinity":52,"b:116:4:118:Infinity:undefined:undefined:undefined:undefined":13,"s:116:4:118:Infinity":53,"s:117:6:117:Infinity":54,"s:121:4:125:Infinity":55,"f:121:38:121:46":6,"s:122:4:124:Infinity":56,"s:128:4:128:Infinity":57,"s:132:22:132:71":58,"s:133:25:133:65":59,"s:134:22:134:61":60,"s:135:23:135:60":61,"s:136:23:136:60":62,"s:137:17:137:51":63,"s:138:16:138:50":64,"s:139:17:139:53":65,"s:140:25:140:60":66,"s:141:25:141:61":67,"s:142:25:142:59":68,"s:143:15:143:50":69,"s:144:19:144:55":70,"s:145:12:145:47":71,"s:146:13:146:48":72,"s:147:11:147:46":73,"s:148:13:148:47":74,"s:149:17:149:52":75,"s:150:13:150:47":76,"s:151:17:151:52":77,"s:152:17:152:53":78,"s:153:25:153:61":79,"s:154:17:154:53":80,"s:155:25:155:61":81,"s:156:17:156:53":82,"s:157:21:157:58":83,"s:158:27:158:63":84,"s:159:24:159:60":85,"s:160:21:160:57":86,"s:161:18:161:54":87,"s:162:18:162:52":88,"s:163:32:163:65":89,"s:165:1:165:Infinity":90,"f:167:10:167:43":7,"s:168:2:168:Infinity":91,"s:169:2:169:Infinity":92,"b:170:3:170:Infinity:undefined:undefined:undefined:undefined":14,"s:170:3:170:Infinity":93,"s:170:15:170:Infinity":94,"s:172:26:172:60":95,"s:174:5:176:16":96,"b:174:5:174:41:175:5:175:40:176:5:176:16":15,"s:178:25:180:4":97,"f:178:61:178:64":8,"s:179:5:179:Infinity":98,"s:182:3:182:Infinity":99,"b:182:10:182:35:182:39:182:43":16,"b:185:1:207:Infinity:undefined:undefined:undefined:undefined":17,"s:185:1:207:Infinity":100,"s:186:3:206:Infinity":101,"f:186:53:186:61":9,"s:188:6:188:74":102,"s:191:6:191:48":103,"b:191:6:191:42:191:46:191:48":18,"s:193:20:193:77":104,"b:195:4:195:Infinity:undefined:undefined:undefined:undefined":19,"s:195:4:195:Infinity":105,"s:195:18:195:Infinity":106,"s:197:4:199:Infinity":107,"s:201:4:201:Infinity":108,"s:203:4:205:Infinity":109,"s:209:1:232:Infinity":110,"s:234:1:234:Infinity":111,"s:236:30:245:2":112,"s:247:24:247:59":113,"s:249:1:257:Infinity":114,"f:252:19:252:20":10,"s:252:25:252:32":115,"s:259:1:263:Infinity":116,"s:265:1:271:Infinity":117,"s:275:31:275:119":118,"s:276:22:276:110":119,"s:277:31:277:119":120,"s:279:29:279:88":121,"f:279:54:279:56":11,"s:279:60:279:87":122,"s:280:20:280:70":123,"f:280:36:280:38":12,"s:280:42:280:69":124,"s:281:29:281:88":125,"f:281:54:281:56":13,"s:281:60:281:87":126,"s:283:25:283:59":127,"s:284:34:284:68":128,"s:287:3:288:57":129,"b:287:3:287:59:288:3:288:57":20,"s:290:1:290:Infinity":130,"s:291:1:291:Infinity":131,"b:291:57:291:86:291:89:291:95":21,"f:293:11:293:40":14,"s:294:3:300:Infinity":132,"f:294:49:294:54":15,"b:295:5:295:Infinity:undefined:undefined:undefined:undefined":22,"s:295:5:295:Infinity":133,"s:295:17:295:Infinity":134,"s:297:5:297:Infinity":135,"s:298:5:298:Infinity":136,"s:299:5:299:Infinity":137,"b:302:3:306:Infinity:undefined:undefined:undefined:undefined":23,"s:302:3:306:Infinity":138,"s:303:5:303:Infinity":139,"s:304:5:304:Infinity":140,"s:305:5:305:Infinity":141,"b:308:3:312:Infinity:undefined:undefined:undefined:undefined":24,"s:308:3:312:Infinity":142,"s:309:5:309:Infinity":143,"s:310:5:310:Infinity":144,"s:311:5:311:Infinity":145,"f:315:10:315:32":16,"s:316:21:318:5":146,"f:316:33:316:38":17,"s:317:5:317:Infinity":147,"b:317:12:317:17:317:21:317:32:317:36:317:61":25,"s:320:3:320:Infinity":148,"b:320:22:320:44:320:47:320:49":26,"f:323:10:323:41":18,"b:324:2:324:Infinity:undefined:undefined:undefined:undefined":27,"s:324:2:324:Infinity":149,"s:324:27:324:Infinity":150,"b:325:3:329:Infinity:undefined:undefined:undefined:undefined":28,"s:325:3:329:Infinity":151,"s:326:5:326:Infinity":152,"s:327:5:327:Infinity":153,"s:328:5:328:Infinity":154,"b:331:3:335:Infinity:undefined:undefined:undefined:undefined":29,"s:331:3:335:Infinity":155,"s:332:5:332:Infinity":156,"s:333:5:333:Infinity":157,"s:334:5:334:Infinity":158,"f:338:10:338:38":19,"s:339:3:357:Infinity":159,"f:339:30:339:35":20,"s:340:5:343:Infinity":160,"f:340:37:340:45":21,"b:341:5:341:Infinity:undefined:undefined:undefined:undefined":30,"s:341:5:341:Infinity":161,"s:341:30:341:Infinity":162,"s:342:5:342:Infinity":163,"s:345:5:350:Infinity":164,"f:345:38:345:46":22,"b:346:6:346:Infinity:undefined:undefined:undefined:undefined":31,"s:346:6:346:Infinity":165,"s:346:31:346:Infinity":166,"s:348:7:348:Infinity":167,"s:349:7:349:Infinity":168,"s:352:5:356:Infinity":169,"f:352:48:352:56":23,"b:353:6:353:Infinity:undefined:undefined:undefined:undefined":32,"s:353:6:353:Infinity":170,"s:353:31:353:Infinity":171,"s:354:7:354:Infinity":172,"s:355:7:355:Infinity":173,"b:359:3:368:Infinity:undefined:undefined:undefined:undefined":33,"s:359:3:368:Infinity":174,"s:360:4:367:Infinity":175,"f:362:6:362:14":24,"b:363:8:363:Infinity:undefined:undefined:undefined:undefined":34,"s:363:8:363:Infinity":176,"s:363:33:363:Infinity":177,"s:364:8:364:Infinity":178,"b:373:1:375:Infinity:undefined:undefined:undefined:undefined":35,"s:373:1:375:Infinity":179,"s:374:3:374:Infinity":180,"s:378:26:378:60":181,"s:379:29:379:63":182,"f:381:10:381:35":25,"b:382:3:382:Infinity:undefined:undefined:undefined:undefined":36,"s:382:3:382:Infinity":183,"b:382:7:382:24:382:28:382:48":37,"s:382:50:382:Infinity":184,"s:384:3:386:Infinity":185,"s:390:1:390:Infinity":186,"b:393:1:396:Infinity:undefined:undefined:undefined:undefined":38,"s:393:1:396:Infinity":187,"s:394:3:394:Infinity":188,"s:395:3:395:Infinity":189,"b:399:1:405:Infinity:undefined:undefined:undefined:undefined":39,"s:399:1:405:Infinity":190,"s:400:3:404:Infinity":191,"f:407:11:407:26":26,"b:
[...]
tion.js","statementMap":{"0":{"start":{"line":3,"column":0},"end":{"line":3,"column":null}},"1":{"start":{"line":6,"column":13},"end":{"line":90,"column":1}},"2":{"start":{"line":10,"column":6},"end":{"line":10,"column":115}},"3":{"start":{"line":24,"column":6},"end":{"line":24,"column":73}},"4":{"start":{"line":38,"column":6},"end":{"line":38,"column":84}},"5":{"start":{"line":52,"column":6},"end":{"line":52,"column":36}},"6":{"start":{"line":66,"column":6},"end":{"line":66,"column":73}},"7":{"start":{"line":80,"column":6},"end":{"line":80,"column":87}},"8":{"start":{"line":93,"column":21},"end":{"line":93,"column":31}},"9":{"start":{"line":93,"column":27},"end":{"line":93,"column":31}},"10":{"start":{"line":96,"column":21},"end":{"line":105,"column":3}},"11":{"start":{"line":107,"column":16},"end":{"line":109,"column":43}},"12":{"start":{"line":108,"column":18},"end":{"line":108,"column":58}},"13":{"start":{"line":109,"column":19},"end":{"line":109,"column":42}},"14":{"start":{"line":111,"column":2},"end":{"line":111,"column":null}},"15":{"start":{"line":116,"column":2},"end":{"line":116,"column":null}},"16":{"start":{"line":116,"column":40},"end":{"line":116,"column":null}},"17":{"start":{"line":117,"column":2},"end":{"line":117,"column":null}},"18":{"start":{"line":119,"column":24},"end":{"line":119,"column":36}},"19":{"start":{"line":121,"column":2},"end":{"line":138,"column":null}},"20":{"start":{"line":122,"column":17},"end":{"line":122,"column":33}},"21":{"start":{"line":123,"column":17},"end":{"line":123,"column":27}},"22":{"start":{"line":125,"column":4},"end":{"line":125,"column":null}},"23":{"start":{"line":127,"column":4},"end":{"line":135,"column":null}},"24":{"start":{"line":128,"column":20},"end":{"line":130,"column":7}},"25":{"start":{"line":132,"column":6},"end":{"line":134,"column":null}},"26":{"start":{"line":133,"column":8},"end":{"line":133,"column":null}},"27":{"start":{"line":137,"column":4},"end":{"line":137,"column":null}},"28":{"start":{"line":142,"column":2},"end":{"line":142,"column":null}},"29":{"start":{"line":142,"column":41},"end":{"line":142,"column":null}},"30":{"start":{"line":143,"column":2},"end":{"line":143,"column":null}},"31":{"start":{"line":145,"column":2},"end":{"line":151,"column":null}},"32":{"start":{"line":153,"column":2},"end":{"line":162,"column":null}},"33":{"start":{"line":156,"column":6},"end":{"line":156,"column":null}},"34":{"start":{"line":157,"column":6},"end":{"line":157,"column":null}},"35":{"start":{"line":158,"column":6},"end":{"line":158,"column":null}},"36":{"start":{"line":159,"column":6},"end":{"line":159,"column":null}},"37":{"start":{"line":164,"column":2},"end":{"line":172,"column":null}},"38":{"start":{"line":167,"column":6},"end":{"line":167,"column":null}},"39":{"start":{"line":168,"column":6},"end":{"line":168,"column":null}},"40":{"start":{"line":169,"column":6},"end":{"line":169,"column":null}},"41":{"start":{"line":177,"column":2},"end":{"line":186,"column":null}},"42":{"start":{"line":180,"column":6},"end":{"line":180,"column":null}},"43":{"start":{"line":181,"column":6},"end":{"line":181,"column":null}},"44":{"start":{"line":182,"column":6},"end":{"line":182,"column":null}},"45":{"start":{"line":183,"column":6},"end":{"line":183,"column":null}},"46":{"start":{"line":190,"column":2},"end":{"line":190,"column":null}},"47":{"start":{"line":191,"column":2},"end":{"line":191,"column":null}},"48":{"start":{"line":192,"column":2},"end":{"line":192,"column":null}},"49":{"start":{"line":196,"column":15},"end":{"line":196,"column":31}},"50":{"start":{"line":197,"column":15},"end":{"line":197,"column":25}},"51":{"start":{"line":198,"column":2},"end":{"line":198,"column":null}},"52":{"start":{"line":198,"column":13},"end":{"line":198,"column":null}},"53":{"start":{"line":200,"column":2},"end":{"line":208,"column":null}},"54":{"start":{"line":203,"column":6},"end":{"line":207,"column":null}},"55":{"start":{"line":204,"column":8},"end":{"line":204,"column":null}},"56":{"start":{"line":205,"column":13},"end":{"line":207,"column":null}},"57":{"start":{"line":206,"column":8},"end":{"line":206,"column":null}},"58":{"start":{"line":212,"column":2},"end":{"line":212,"column":null}},"59":{"start":{"line":214,"column":2},"end":{"line":218,"column":null}},"60":{"start":{"line":215,"column":4},"end":{"line":215,"column":null}},"61":{"start":{"line":216,"column":9},"end":{"line":218,"column":null}},"62":{"start":{"line":217,"column":4},"end":{"line":217,"column":null}},"63":{"start":{"line":217,"column":27},"end":{"line":217,"column":34}},"64":{"start":{"line":220,"column":2},"end":{"line":220,"column":null}},"65":{"start":{"line":224,"column":15},"end":{"line":224,"column":31}},"66":{"start":{"line":225,"column":2},"end":{"line":225,"column":null}},"67":{"start":{"line":225,"column":21},"end":{"line":225,"column":null}},"68":{"start":{"line":227,"column":15},"end":{"line":227,"column":25}},"69":{"start":{"line":228,"column":2},"end":{"line":228,"column":null}},"70":{"start":{"line":228,"column":13},"end":{"line":228,"column":null}},"71":{"start":{"line":230,"column":2},"end":{"line":241,"column":null}},"72":{"start":{"line":231,"column":15},"end":{"line":231,"column":35}},"73":{"start":{"line":233,"column":4},"end":{"line":235,"column":null}},"74":{"start":{"line":234,"column":6},"end":{"line":234,"column":null}},"75":{"start":{"line":237,"column":4},"end":{"line":240,"column":null}},"76":{"start":{"line":238,"column":6},"end":{"line":238,"column":null}},"77":{"start":{"line":239,"column":6},"end":{"line":239,"column":null}},"78":{"start":{"line":248,"column":0},"end":{"line":252,"column":null}},"79":{"start":{"line":249,"column":2},"end":{"line":249,"column":null}},"80":{"start":{"line":250,"column":2},"end":{"line":250,"column":null}},"81":{"start":{"line":251,"column":2},"end":{"line":251,"column":null}}},"fnMap":{"0":{"name":"(anonymous_0)","decl":{"start":{"line":9,"column":11},"end":{"line":9,"column":12}},"loc":{"start":{"line":10,"column":6},"end":{"line":10,"column":115}},"line":10},"1":{"name":"(anonymous_1)","decl":{"start":{"line":23,"column":11},"end":{"line":23,"column":12}},"loc":{"start":{"line":24,"column":6},"end":{"line":24,"column":73}},"line":24},"2":{"name":"(anonymous_2)","decl":{"start":{"line":37,"column":11},"end":{"line":37,"column":12}},"loc":{"start":{"line":38,"column":6},"end":{"line":38,"column":84}},"line":38},"3":{"name":"(anonymous_3)","decl":{"start":{"line":51,"column":11},"end":{"line":51,"column":12}},"loc":{"start":{"line":52,"column":6},"end":{"line":52,"column":36}},"line":52},"4":{"name":"(anonymous_4)","decl":{"start":{"line":65,"column":11},"end":{"line":65,"column":12}},"loc":{"start":{"line":66,"column":6},"end":{"line":66,"column":73}},"line":66},"5":{"name":"(anonymous_5)","decl":{"start":{"line":79,"column":11},"end":{"line":79,"column":12}},"loc":{"start":{"line":80,"column":6},"end":{"line":80,"column":87}},"line":80},"6":{"name":"(anonymous_6)","decl":{"start":{"line":93,"column":21},"end":{"line":93,"column":22}},"loc":{"start":{"line":93,"column":27},"end":{"line":93,"column":31}},"line":93},"7":{"name":"getCurrentLang","decl":{"start":{"line":95,"column":9},"end":{"line":95,"column":23}},"loc":{"start":{"line":95,"column":26},"end":{"line":112,"column":null}},"line":95},"8":{"name":"(anonymous_8)","decl":{"start":{"line":108,"column":9},"end":{"line":108,"column":14}},"loc":{"start":{"line":108,"column":18},"end":{"line":108,"column":58}},"line":108},"9":{"name":"(anonymous_9)","decl":{"start":{"line":109,"column":10},"end":{"line":109,"column":15}},"loc":{"start":{"line":109,"column":19},"end":{"line":109,"column":42}},"line":109},"10":{"name":"patchAlert","decl":{"start":{"line":115,"column":9},"end":{"line":115,"column":19}},"loc":{"start":{"line":115,"column":22},"end":{"line":139,"column":null}},"line":115},"11":{"name":"(anonymous_11)","decl":{"start":{"line":121,"column":17},"end":{"line":121,"column":25}},"loc":{"start":{"line":121,"column":36},"end":{"line":138,"column":3}},"line":121},"12":{"name":"observeFormAssemblyErrors","decl":{"start":{"line":141,"column":9},"end":{"line":141,"column":34}},"loc":{"start":{"line":141,"column":37},"end":{"line":173,"column":null}},"line":141},"13":{"name":"(anonymous_13)","decl":{"start":{"line":155,"column":4},"end":{"line":155,"column":5}},"loc":{"start":{"line":155,"column":10},"end":{"line":160,"column":5}},"line":155},"14":{"name":"(anonymous_14)","decl":{"start":{"line":166,"column":4},"end":{"line":166,"column":5}},"loc":{"start":{"line":166,"column":10},"end":{"line":170,"column":5}},"line":166},"15":{"name":"observeSubmitButton","decl":{"start":{"line":175,"column":9},"end":{"line":175,"column":28}},"loc":{"start":{"line":175,"column":31},"end":{"line":187,"column":null}},"line":175},"16":{"name":"(anonymous_16)","decl":{"start":{"line":179,"column":4},"end":{"line":179,"column":5}},"loc":{"start":{"line":179,"column":10},"end":{"line":184,"column":5}},"line":179},"17":{"name":"runTranslations","decl":{"start":{"line":189,"column":9},"end":{"line":189,"column":24}},"loc":{"start":{"line":189,"column":27},"end":{"line":193,"column":null}},"line":189},"18":{"name":"translateSubmitButtons","decl":{"start":{"line":195,"column":9},"end":{"line":195,"column":31}},"loc":{"start":{"line":195,"column":34},"end":{"line":209,"column":null}},"line":195},"19":{"name":"(anonymous_19)","decl":{"start":{"line":202,"column":13},"end":{"line":202,"column":16}},"loc":{"start":{"line":202,"column":20},"end":{"line":208,"column":5}},"line":202},"20":{"name":"initValidation","decl":{"start":{"line":211,"column":16},"end":{"line":211,"column":30}},"loc":{"start":{"line":211,"column":52},"end":{"line":221,"column":null}},"line":211},"21":{"name":"(anonymous_21)","decl":{"start":{"line":217,"column":21},"end":{"line":217,"column":22}},"loc":{"start":{"line":217,"column":27},"end":{"line":217,"column":34}},"line":217},"22":{"name":"translateValidationMessages","decl":{"start":{"line":223,"column":9},"end":{"line":223,"column":36}},"loc":{"start":{"line":223,"column":39},"end":{"line":242,"column":null}},"line":223},"23":{"name":"(anonymous_23)","decl":{"start":{"line":230,"column":47},"end":{"line":230,"column":49}},"loc":{"start":{"line":230,"column":53},"end":{"line":241,"column":3}},"line":230},"24":{"name":"(anonymous_24)","decl":{"start":{"line":233,"column":42},"end":{"line":233,"column":43}},"loc":{"start":{"line":233,"column":69},"end":{"line":235,"column":5}},"line":233},"25":{"name":"installFormAssemblyLocalization","decl":{"start":{"line":248,"column":10},"end":{"line":248,"column":41}},"loc":{"start":{"line":248,"column":44},"end":{"line":252,"column":1}},"line":248}},"branchMap":{"0":{"loc":{"start":{"line":10,"column":81},"end":{"line":10,"column":99}},"type":"cond-expr","locations":[{"start":{"line":10,"column":91},"end":{"line":10,"column":93}},{"start":{"line":10,"column":96},"end":{"line":10,"column":99}}],"line":10},"1":{"loc":{"start":{"line":97,"column":4},"end":{"line":97,"column":76}},"type":"cond-expr","locations":[{"start":{"line":97,"column":43},"end":{"line":97,"column":59}},{"start":{"line":97,"column":62},"end":{"line":97,"column":76}}],"line":97},"2":{"loc":{"start":{"line":108,"column":25},"end":{"line":108,"column":36}},"type":"binary-expr","locations":[{"start":{"line":108,"column":25},"end":{"line":108,"column":30}},{"start":{"line":108,"column":34},"end":{"line":108,"column":36}}],"line":108},"3":{"loc":{"start":{"line":109,"column":19},"end":{"line":109,"column":42}},"type":"binary-expr","locations":[{"start":{"line":109,"column":19},"end":{"line":109,"column":24}},{"start":{"line":109,"column":28},"end":{"line":109,"column":42}}],"line":109},"4":{"loc":{"start":{"line":111,"column":10},"end":{"line":111,"column":23}},"type":"binary-expr","locations":[{"start":{"line":111,"column":10},"end":{"line":111,"column":15}},{"start":{"line":111,"column":19},"end":{"line":111,"column":23}}],"line":111},"5":{"loc":{"start":{"line":116,"column":2},"end":{"line":116,"column":null}},"type":"if","locations":[{"start":{"line":116,"column":2},"end":{"line":116,"column":null}},{"start":{},"end":{}}],"line":116},"6":{"loc":{"start":{"line":127,"column":4},"end":{"line":135,"column":null}},"type":"if","locations":[{"start":{"line":127,"column":4},"end":{"line":135,"column":null}},{"start":{},"end":{}}],"line":127},"7":{"loc":{"start":{"line":127,"column":8},"end":{"line":127,"column":43}},"type":"binary-expr","locations":[{"start":{"line":127,"column":8},"end":{"line":127,"column":12}},{"start":{"line":127,"column":16},"end":{"line":127,"column":43}}],"line":127},"8":{"loc":{"start":{"line":132,"column":6},"end":{"line":134,"column":null}},"type":"if","locations":[{"start":{"line":132,"column":6},"end":{"line":134,"column":null}},{"start":{},"end":{}}],"line":132},"9":{"loc":{"start":{"line":142,"column":2},"end":{"line":142,"column":null}},"type":"if","locations":[{"start":{"line":142,"column":2},"end":{"line":142,"column":null}},{"start":{},"end":{}}],"line":142},"10":{"loc":{"start":{"line":198,"column":2},"end":{"line":198,"column":null}},"type":"if","locations":[{"start":{"line":198,"column":2},"end":{"line":198,"column":null}},{"start":{},"end":{}}],"line":198},"11":{"loc":{"start":{"line":203,"column":6},"end":{"line":207,"column":null}},"type":"if","locations":[{"start":{"line":203,"column":6},"end":{"line":207,"column":null}},{"start":{"line":205,"column":13},"end":{"line":207,"column":null}}],"line":203},"12":{"loc":{"start":{"line":203,"column":10},"end":{"line":203,"column":67}},"type":"binary-expr","locations":[{"start":{"line":203,"column":10},"end":{"line":203,"column":33}},{"start":{"line":203,"column":37},"end":{"line":203,"column":67}}],"line":203},"13":{"loc":{"start":{"line":205,"column":13},"end":{"line":207,"column":null}},"type":"if","locations":[{"start":{"line":205,"column":13},"end":{"line":207,"column":null}},{"start":{},"end":{}}],"line":205},"14":{"loc":{"start":{"line":214,"column":2},"end":{"line":218,"column":null}},"type":"if","locations":[{"start":{"line":214,"column":2},"end":{"line":218,"column":null}},{"start":{"line":216,"column":9},"end":{"line":218,"column":null}}],"line":214},"15":{"loc":{"start":{"line":216,"column":9},"end":{"line":218,"column":null}},"type":"if","locations":[{"start":{"line":216,"column":9},"end":{"line":218,"column":null}},{"start":{},"end":{}}],"line":216},"16":{"loc":{"start":{"line":225,"column":2},"end":{"line":225,"column":null}},"type":"if","locations":[{"start":{"line":225,"column":2},"end":{"line":225,"column":null}},{"start":{},"end":{}}],"line":225},"17":{"loc":{"start":{"line":228,"column":2},"end":{"line":228,"column":null}},"type":"if","locations":[{"start":{"line":228,"column":2},"end":{"line":228,"column":null}},{"start":{},"end":{}}],"line":228},"18":{"loc":{"start":{"line":231,"column":15},"end":{"line":231,"column":35}},"type":"binary-expr","locations":[{"start":{"line":231,"column":15},"end":{"line":231,"column":29}},{"start":{"line":231,"column":33},"end":{"line":231,"column":35}}],"line":231},"19":{"loc":{"start":{"line":237,"column":4},"end":{"line":240,"column":null}},"type":"if","locations":[{"start":{"line":237,"column":4},"end":{"line":240,"column":null}},{"start":{},"end":{}}],"line":237}},"s":{"0":1,"1":1,"2":2,"3":0,"4":0,"5":0,"6":0,"7":0,"8":1,"9":0,"10":507,"11":507,"12":4056,"13":2482,"14":507,"15":1,"16":0,"17":1,"18":1,"19":1,"20":4,"21":4,"22":4,"23":4,"24":3,"25":3,"26":2,"27":2,"28":1,"29":0,"30":1,"31":1,"32":1,"33":2,"34":2,"35":2,"36":2,"37":1,"38":1,"39":1,"40":1,"41":1,"42":2,"43":2,"44":2,"45":2,"46":165,"47":165,"48":165,"49":173,"50":173,"51":173,"52":84,"53":89,"54":178,"55":25,"56":153,"57":24,"58":88,"59":88,"60":7,"61":81,"62":81,"63":468,"64":88,"65":165,"66":165,"67":83,"68":82,"69":82,"70":1,"71":81,"72":488,"73":488,"74":2928,"75":488,"76":154,"77":154,"78":1,"79":1,"80":1,"81":1},"f":{"0":2,"1":0,"2":0,"3":0,"4":0,"5":0,"6":0,"7":507,"8":4056,"9":2482,"10":1,"11":4,"12":1,"13":2,"14":1,"15":1,"16":2,"17":165,"18":173,"19":178,"20":88,"21":468,"22":165,"23":488,"24":2928,"25":1},"b":{"0":[1,1],"1":[507,0],"2":[4056,1977],"3":[2482,1383],"4":[507,250],"5":[0,1],"6":[3,1],"7":[4,3],"8":[2,1],"9":[0,1],"10":[84,89],"11":[25,153],"12":[178,89],"13":[24,129],"14":[7,81],"15":[81,0],"16":[83,82],"17":[1,81],"18":[488,0],"19":[154,334]},"meta":{"lastBranch":20,"lastFunction":26,"lastStatement":82,"seen":{"s:3:0:3:Infinity":0,"s:6:13:90:1":1,"f:9:11:9:12":0,"s:10:6:10:115":2,"b:10:91:10:93:10:96:10:99":0,"f:23:11:23:12":1,"s:24:6:24:73":3,"f:37:11:37:12":2,"s:38:6:38:84":4,"f:51:11:51:12":3,"s:52:6:52:36":5,"f:65:11:65:12":4,"s:66:6:66:73":6,"f:79:11:79:12":5,"s:80:6:80:87":7,"s:93:21:93:31":8,"f:93:21:93:22":6,"s:93:27:93:31":9,"f:95:9:95:23":7,"s:96:21:105:3":10,"b:97:43:97:59:97:62:97:76":1,"s:107:16:109:43":11,"f:108:9:108:14":8,"s:108:18:108:58":12,"b:108:25:108:30:108:34:108:36":2,"f:109:10:109:15":9,"s:109:19:109:42":13,"b:109:19:109:24:109:28:109:42":3,"s:111:2:111:Infinity":14,"b:111:10:111:15:111:19:111:23":4,"f:115:9:115:19":10,"b:116:2:116:Infinity:undefined:undefined:undefined:undefined":5,"s:116:2:116:Infinity":15,"s:116:40:116:Infinity":16,"s:117:2:117:Infinity":17,"s:119:24:119:36":18,"s:121:2:138:Infinity":19,"f:121:17:121:25":11,"s:122:17:122:33":20,"s:123:17:123:27":21,"s:125:4:125:Infinity":22,"b:127:4:135:Infinity:undefined:undefined:undefined:undefined":6,"s:127:4:135:Infinity":23,"b:127:8:127:12:127:16:127:43":7,"s:128:20:130:7":24,"b:132:6:134:Infinity:undefined:undefined:undefined:undefined":8,"s:132:6:134:Infinity":25,"s:133:8:133:Infinity":26,"s:137:4:137:Infinity":27,"f:141:9:141:34":12,"b:142:2:142:Infinity:undefined:undefined:undefined:undefined":9,"s:142:2:142:Infinity":28,"s:142:41:142:Infinity":29,"s:143:2:143:Infinity":30,"s:145:2:151:Infinity":31,"s:153:2:162:Infinity":32,"f:155:4:155:5":13,"s:156:6:156:Infinity":33,"s:157:6:157:Infinity":34,"s:158:6:158:Infinity":35,"s:159:6:159:Infinity":36,"s:164:2:172:Infinity":37,"f:166:4:166:5":14,"s:167:6:167:Infinity":38,"s:168:6:168:Infinity":39,"s:169:6:169:Infinity":40,"f:175:9:175:28":15,"s:177:2:186:Infinity":41,"f:179:4:179:5":16,"s:180:6:180:Infinity":42,"s:181:6:181:Infinity":43,"s:182:6:182:Infinity":44,"s:183:6:183:Infinity":45,"f:189:9:189:24":17,"s:190:2:190:Infinity":46,"s:191:2:191:Infinity":47,"s:192:2:192:Infinity":48,"f:195:9:195:31":18,"s:196:15:196:31":49,"s:197:15:197:25":50,"b:198:2:198:Infinity:undefined:undefined:undefined:undefined":10,"s:198:2:198:Infinity":51,"s:198:13:198:Infinity":52,"s:200:2:208:Infinity":53,"f:202:13:202:16":19,"b:203:6:207:Infinity:205:13:207:Infinity":11,"s:203:6:207:Infinity":54,"b:203:10:203:33:203:37:203:67":12,"s:204:8:204:Infinity":55,"b:205:13:207:Infinity:undefined:undefined:undefined:undefined":13,"s:205:13:207:Infinity":56,"s:206:8:206:Infinity":57,"f:211:16:211:30":20,"s:212:2:212:Infinity":58,"b:214:2:218:Infinity:216:9:218:Infinity":14,"s:214:2:218:Infinity":59,"s:215:4:215:Infinity":60,"b:216:9:218:Infinity:undefined:undefined:undefined:undefined":15,"s:216:9:218:Infinity":61,"s:217:4:217:Infinity":62,"f:217:21:217:22":21,"s:217:27:217:34":63,"s:220:2:220:Infinity":64,"f:223:9:223:36":22,"s:224:15:224:31":65,"b:225:2:225:Infinity:undefined:undefined:undefined:undefined":16,"s:225:2:225:Infinity":66,"s:225:21:225:Infinity":67,"s:227:15:227:25":68,"b:228:2:228:Infinity:undefined:undefined:undefined:undefined":17,"s:228:2:228:Infinity":69,"s:228:13:228:Infinity":70,"s:230:2:241:Infinity":71,"f:230:47:230:49":23,"s:231:15:231:35":72,"b:231:15:231:29:231:33:231:35":18,"s:233:4:235:Infinity":73,"f:233:42:233:43":24,"s:234:6:234:Infinity":74,"b:237:4:240:Infinity:undefined:undefined:undefined:undefined":19,"s:237:4:240:Infinity":75,"s:238:6:238:Infinity":76,"s:239:6:239:Infinity":77,"s:248:0:252:Infinity":78,"f:248:10:248:41":25,"s:249:2:249:Infinity":79,"s:250:2:250:Infinity":80,"s:251:2:251:Infinity":81},"fnNames":{}}}
}
